python/anaconda (WARNING):
    Loading this module causes the environment generated by other
    modules to become inconsistent, because Anaconda employs its
    own development environment. This in particular concerns the
    compiler (gcc) and MPI settings, but also other tools, which 
    may cease working correctly.
In the directory: /home/hpc/txh01/di49zin/SSM/Simulations/CriticalSystem/AdaptiveS/eps_0.03
Running program on  nodes, with 28 cores on node, each with 28 cores.
-----------
SBML: Level:1  Version:2

Filename: CriticalSystem-AdaptiveS-0.03.xml
Error(s): 0

Model name: CriticalSystemAdaptiveS

T start:                 0.0
T final:                 3.0
Simulation method:       AdaptiveS
Number of samples:       10000

Store interval:          25
Epsilon:                 0.03
Theta:                   0.0
Sort interval:           100000
Initial noise:           hSim="AnnotationField">
  <stochSim:TimeStart>            0.0        </stochSim:TimeStart>
  <stochSim:TimeEnd>              3.0       </stochSim:TimeEnd>
  <stochSim:Method>               AdaptiveS  </stochSim:Method>
  <stochSim:NumberOfSamples>      10000      </stochSim:NumberOfSamples>
  <stochSim:numberOfNoiseLevels>  51         </stochSim:numberOfNoiseLevels>
  <stochSim:Epsilon>              0.03     </stochSim:Epsilon>
  <stochSim:Theta>                0.0        </stochSim:Theta>
  <stochSim:StoreInterval>        25         </stochSim:StoreInterval>
  <stochSim:SortInterval>         100000     </stochSim:SortInterval>
</annotation>
Noise increment:         im="AnnotationField">
  <stochSim:TimeStart>            0.0        </stochSim:TimeStart>
  <stochSim:TimeEnd>              3.0       </stochSim:TimeEnd>
  <stochSim:Method>               AdaptiveS  </stochSim:Method>
  <stochSim:NumberOfSamples>      10000      </stochSim:NumberOfSamples>
  <stochSim:numberOfNoiseLevels>  51         </stochSim:numberOfNoiseLevels>
  <stochSim:Epsilon>              0.03     </stochSim:Epsilon>
  <stochSim:Theta>                0.0        </stochSim:Theta>
  <stochSim:StoreInterval>        25         </stochSim:StoreInterval>
  <stochSim:SortInterval>         100000     </stochSim:SortInterval>
</annotation>
Number of noise levels:  nnotationField">
  <stochSim:TimeStart>            0.0        </stochSim:TimeStart>
  <stochSim:TimeEnd>              3.0       </stochSim:TimeEnd>
  <stochSim:Method>               AdaptiveS  </stochSim:Method>
  <stochSim:NumberOfSamples>      10000      </stochSim:NumberOfSamples>
  <stochSim:numberOfNoiseLevels>  51         </stochSim:numberOfNoiseLevels>
  <stochSim:Epsilon>              0.03     </stochSim:Epsilon>
  <stochSim:Theta>                0.0        </stochSim:Theta>
  <stochSim:StoreInterval>        25         </stochSim:StoreInterval>
  <stochSim:SortInterval>         100000     </stochSim:SortInterval>
</annotation>

-----------
Number of species  : 4
Number of reactions: 6


	Species i: initial amount
			S1:	100	S1
			S2:	3	S2
			S3:	3	S3
			S4:	3	S4


	Reaction i: 0	with rate: 1
		Number of reactants: 1
		Number of products : 1
			1  S1		->		1  S2

	Reaction i: 1	with rate: 1
		Number of reactants: 1
		Number of products : 1
			1  S2		->		1  S1

	Reaction i: 2	with rate: 1
		Number of reactants: 1
		Number of products : 1
			1  S1		->		1  S3

	Reaction i: 3	with rate: 1
		Number of reactants: 1
		Number of products : 1
			1  S3		->		1  S1

	Reaction i: 4	with rate: 4
		Number of reactants: 2
		Number of products : 1
			2  S2	+	1  S3		->		3  S4

	Reaction i: 5	with rate: 12
		Number of reactants: 1
		Number of products : 2
			3  S4		->		2  S2	+	1  S3

0--S1---0
0--S2---1
0--S1---0
0--S3---2
0--S2---1
1--S3---2
0--S4---3
Adaptive S-Leaping...
Sample: 0
Sample: 1
Sample: 2
Sample: 3
Sample: 4
Sample: 5
Sample: 6
Sample: 7
Sample: 8
Sample: 9
Sample: 10
Sample: 11
Sample: 12
Sample: 13
Sample: 14
Sample: 15
Sample: 16
Sample: 17
Sample: 18
Sample: 19
Sample: 20
Sample: 21
Sample: 22
Sample: 23
Sample: 24
Sample: 25
Sample: 26
Sample: 27
Sample: 28
Sample: 29
Sample: 30
Sample: 31
Sample: 32
Sample: 33
Sample: 34
Sample: 35
Sample: 36
Sample: 37
Sample: 38
Sample: 39
Sample: 40
Sample: 41
Sample: 42
Sample: 43
Sample: 44
Sample: 45
Sample: 46
Sample: 47
Sample: 48
Sample: 49
Sample: 50
Sample: 51
Sample: 52
Sample: 53
Sample: 54
Sample: 55
Sample: 56
Sample: 57
Sample: 58
 Negative species at time: 0.0126889
Sample: 59
Sample: 60
Sample: 61
Sample: 62
Sample: 63
Sample: 64
Sample: 65
Sample: 66
Sample: 67
Sample: 68
Sample: 69
Sample: 70
Sample: 71
Sample: 72
Sample: 73
Sample: 74
Sample: 75
Sample: 76
Sample: 77
Sample: 78
Sample: 79
Sample: 80
Sample: 81
Sample: 82
Sample: 83
Sample: 84
Sample: 85
Sample: 86
Sample: 87
Sample: 88
Sample: 89
Sample: 90
Sample: 91
Sample: 92
Sample: 93
Sample: 94
Sample: 95
Sample: 96
Sample: 97
Sample: 98
 Negative species at time: 0.00866405
Sample: 99
Sample: 100
Sample: 101
Sample: 102
Sample: 103
Sample: 104
Sample: 105
Sample: 106
Sample: 107
Sample: 108
Sample: 109
Sample: 110
Sample: 111
Sample: 112
Sample: 113
Sample: 114
Sample: 115
Sample: 116
Sample: 117
Sample: 118
Sample: 119
Sample: 120
Sample: 121
Sample: 122
Sample: 123
Sample: 124
Sample: 125
Sample: 126
Sample: 127
Sample: 128
Sample: 129
Sample: 130
Sample: 131
Sample: 132
Sample: 133
Sample: 134
Sample: 135
Sample: 136
Sample: 137
 Negative species at time: 0.0130485
Sample: 138
Sample: 139
Sample: 140
Sample: 141
Sample: 142
Sample: 143
Sample: 144
Sample: 145
Sample: 146
Sample: 147
Sample: 148
Sample: 149
Sample: 150
Sample: 151
Sample: 152
Sample: 153
Sample: 154
Sample: 155
Sample: 156
Sample: 157
Sample: 158
Sample: 159
Sample: 160
Sample: 161
Sample: 162
Sample: 163
Sample: 164
Sample: 165
Sample: 166
Sample: 167
Sample: 168
Sample: 169
Sample: 170
Sample: 171
Sample: 172
Sample: 173
Sample: 174
Sample: 175
Sample: 176
Sample: 177
Sample: 178
Sample: 179
Sample: 180
Sample: 181
Sample: 182
Sample: 183
Sample: 184
Sample: 185
Sample: 186
Sample: 187
Sample: 188
Sample: 189
Sample: 190
Sample: 191
Sample: 192
 Negative species at time: 0.0093676
Sample: 193
Sample: 194
Sample: 195
Sample: 196
Sample: 197
Sample: 198
 Negative species at time: 0.0187875
Sample: 199
Sample: 200
 Negative species at time: 0.00398266
Sample: 201
Sample: 202
Sample: 203
Sample: 204
Sample: 205
Sample: 206
Sample: 207
Sample: 208
Sample: 209
Sample: 210
Sample: 211
Sample: 212
Sample: 213
Sample: 214
Sample: 215
Sample: 216
Sample: 217
Sample: 218
Sample: 219
Sample: 220
Sample: 221
Sample: 222
Sample: 223
Sample: 224
Sample: 225
Sample: 226
Sample: 227
Sample: 228
Sample: 229
 Negative species at time: 0.0153525
Sample: 230
Sample: 231
Sample: 232
Sample: 233
Sample: 234
Sample: 235
Sample: 236
Sample: 237
Sample: 238
Sample: 239
Sample: 240
Sample: 241
Sample: 242
Sample: 243
Sample: 244
Sample: 245
Sample: 246
Sample: 247
Sample: 248
Sample: 249
Sample: 250
Sample: 251
Sample: 252
Sample: 253
Sample: 254
Sample: 255
Sample: 256
Sample: 257
Sample: 258
Sample: 259
Sample: 260
Sample: 261
 Negative species at time: 0.0024296
Sample: 262
Sample: 263
Sample: 264
Sample: 265
Sample: 266
Sample: 267
Sample: 268
Sample: 269
Sample: 270
Sample: 271
Sample: 272
Sample: 273
Sample: 274
Sample: 275
Sample: 276
Sample: 277
Sample: 278
Sample: 279
Sample: 280
Sample: 281
Sample: 282
Sample: 283
Sample: 284
Sample: 285
Sample: 286
Sample: 287
Sample: 288
Sample: 289
Sample: 290
Sample: 291
Sample: 292
 Negative species at time: 0.0127414
Sample: 293
Sample: 294
Sample: 295
Sample: 296
Sample: 297
Sample: 298
Sample: 299
Sample: 300
Sample: 301
Sample: 302
Sample: 303
Sample: 304
Sample: 305
Sample: 306
Sample: 307
Sample: 308
Sample: 309
Sample: 310
Sample: 311
Sample: 312
Sample: 313
Sample: 314
Sample: 315
Sample: 316
Sample: 317
Sample: 318
Sample: 319
Sample: 320
Sample: 321
Sample: 322
Sample: 323
Sample: 324
Sample: 325
Sample: 326
Sample: 327
Sample: 328
Sample: 329
Sample: 330
Sample: 331
Sample: 332
Sample: 333
Sample: 334
Sample: 335
Sample: 336
Sample: 337
Sample: 338
Sample: 339
Sample: 340
Sample: 341
Sample: 342
Sample: 343
Sample: 344
Sample: 345
Sample: 346
Sample: 347
Sample: 348
Sample: 349
Sample: 350
Sample: 351
Sample: 352
Sample: 353
Sample: 354
Sample: 355
Sample: 356
Sample: 357
Sample: 358
Sample: 359
Sample: 360
Sample: 361
Sample: 362
Sample: 363
Sample: 364
Sample: 365
Sample: 366
Sample: 367
Sample: 368
Sample: 369
Sample: 370
Sample: 371
Sample: 372
Sample: 373
Sample: 374
Sample: 375
Sample: 376
Sample: 377
Sample: 378
Sample: 379
Sample: 380
Sample: 381
Sample: 382
Sample: 383
Sample: 384
Sample: 385
Sample: 386
Sample: 387
Sample: 388
Sample: 389
Sample: 390
Sample: 391
Sample: 392
Sample: 393
Sample: 394
Sample: 395
Sample: 396
Sample: 397
Sample: 398
Sample: 399
Sample: 400
Sample: 401
Sample: 402
Sample: 403
Sample: 404
Sample: 405
Sample: 406
Sample: 407
Sample: 408
Sample: 409
Sample: 410
Sample: 411
Sample: 412
Sample: 413
Sample: 414
Sample: 415
Sample: 416
Sample: 417
Sample: 418
Sample: 419
Sample: 420
Sample: 421
Sample: 422
Sample: 423
Sample: 424
Sample: 425
Sample: 426
Sample: 427
Sample: 428
Sample: 429
Sample: 430
Sample: 431
Sample: 432
Sample: 433
Sample: 434
Sample: 435
Sample: 436
Sample: 437
Sample: 438
Sample: 439
Sample: 440
Sample: 441
Sample: 442
Sample: 443
Sample: 444
Sample: 445
Sample: 446
Sample: 447
 Negative species at time: 0.0167435
Sample: 448
Sample: 449
Sample: 450
Sample: 451
Sample: 452
Sample: 453
Sample: 454
Sample: 455
Sample: 456
Sample: 457
Sample: 458
Sample: 459
Sample: 460
Sample: 461
Sample: 462
Sample: 463
Sample: 464
Sample: 465
Sample: 466
Sample: 467
Sample: 468
Sample: 469
Sample: 470
Sample: 471
Sample: 472
Sample: 473
Sample: 474
Sample: 475
Sample: 476
Sample: 477
Sample: 478
Sample: 479
Sample: 480
Sample: 481
Sample: 482
Sample: 483
Sample: 484
Sample: 485
Sample: 486
Sample: 487
Sample: 488
Sample: 489
Sample: 490
Sample: 491
Sample: 492
Sample: 493
Sample: 494
Sample: 495
Sample: 496
Sample: 497
Sample: 498
Sample: 499
Sample: 500
Sample: 501
Sample: 502
Sample: 503
Sample: 504
Sample: 505
Sample: 506
Sample: 507
Sample: 508
Sample: 509
Sample: 510
Sample: 511
Sample: 512
Sample: 513
Sample: 514
Sample: 515
Sample: 516
Sample: 517
Sample: 518
Sample: 519
Sample: 520
Sample: 521
Sample: 522
Sample: 523
Sample: 524
Sample: 525
Sample: 526
Sample: 527
Sample: 528
Sample: 529
Sample: 530
Sample: 531
Sample: 532
Sample: 533
Sample: 534
Sample: 535
Sample: 536
Sample: 537
Sample: 538
Sample: 539
Sample: 540
Sample: 541
Sample: 542
Sample: 543
Sample: 544
Sample: 545
Sample: 546
Sample: 547
Sample: 548
Sample: 549
Sample: 550
Sample: 551
Sample: 552
Sample: 553
Sample: 554
Sample: 555
Sample: 556
Sample: 557
Sample: 558
Sample: 559
Sample: 560
Sample: 561
Sample: 562
Sample: 563
Sample: 564
Sample: 565
Sample: 566
Sample: 567
Sample: 568
Sample: 569
Sample: 570
Sample: 571
Sample: 572
Sample: 573
Sample: 574
Sample: 575
Sample: 576
Sample: 577
Sample: 578
Sample: 579
Sample: 580
Sample: 581
Sample: 582
Sample: 583
Sample: 584
Sample: 585
Sample: 586
Sample: 587
Sample: 588
Sample: 589
Sample: 590
Sample: 591
Sample: 592
Sample: 593
Sample: 594
Sample: 595
Sample: 596
Sample: 597
Sample: 598
Sample: 599
Sample: 600
Sample: 601
Sample: 602
Sample: 603
Sample: 604
Sample: 605
Sample: 606
Sample: 607
Sample: 608
Sample: 609
Sample: 610
Sample: 611
Sample: 612
Sample: 613
Sample: 614
Sample: 615
Sample: 616
Sample: 617
Sample: 618
Sample: 619
Sample: 620
Sample: 621
Sample: 622
Sample: 623
Sample: 624
Sample: 625
Sample: 626
Sample: 627
Sample: 628
Sample: 629
Sample: 630
Sample: 631
Sample: 632
Sample: 633
Sample: 634
Sample: 635
Sample: 636
Sample: 637
Sample: 638
Sample: 639
Sample: 640
Sample: 641
Sample: 642
Sample: 643
Sample: 644
Sample: 645
Sample: 646
 Negative species at time: 0
Sample: 647
Sample: 648
Sample: 649
Sample: 650
Sample: 651
Sample: 652
Sample: 653
Sample: 654
Sample: 655
Sample: 656
Sample: 657
Sample: 658
Sample: 659
Sample: 660
Sample: 661
Sample: 662
Sample: 663
Sample: 664
Sample: 665
Sample: 666
Sample: 667
Sample: 668
Sample: 669
Sample: 670
Sample: 671
Sample: 672
Sample: 673
Sample: 674
Sample: 675
Sample: 676
Sample: 677
Sample: 678
Sample: 679
Sample: 680
Sample: 681
Sample: 682
Sample: 683
Sample: 684
Sample: 685
Sample: 686
Sample: 687
Sample: 688
Sample: 689
Sample: 690
Sample: 691
Sample: 692
Sample: 693
Sample: 694
Sample: 695
Sample: 696
Sample: 697
Sample: 698
Sample: 699
Sample: 700
Sample: 701
Sample: 702
Sample: 703
Sample: 704
Sample: 705
Sample: 706
Sample: 707
Sample: 708
 Negative species at time: 0.00546868
Sample: 709
Sample: 710
 Negative species at time: 0.00862625
Sample: 711
Sample: 712
Sample: 713
Sample: 714
Sample: 715
Sample: 716
Sample: 717
Sample: 718
Sample: 719
Sample: 720
Sample: 721
Sample: 722
Sample: 723
Sample: 724
Sample: 725
Sample: 726
Sample: 727
Sample: 728
Sample: 729
Sample: 730
Sample: 731
Sample: 732
Sample: 733
Sample: 734
Sample: 735
Sample: 736
Sample: 737
Sample: 738
Sample: 739
Sample: 740
Sample: 741
Sample: 742
Sample: 743
Sample: 744
Sample: 745
Sample: 746
Sample: 747
Sample: 748
Sample: 749
Sample: 750
Sample: 751
Sample: 752
Sample: 753
Sample: 754
 Negative species at time: 0.0105721
Sample: 755
Sample: 756
Sample: 757
Sample: 758
Sample: 759
Sample: 760
Sample: 761
Sample: 762
Sample: 763
Sample: 764
Sample: 765
Sample: 766
Sample: 767
Sample: 768
Sample: 769
Sample: 770
Sample: 771
Sample: 772
Sample: 773
Sample: 774
Sample: 775
Sample: 776
Sample: 777
Sample: 778
Sample: 779
Sample: 780
Sample: 781
Sample: 782
Sample: 783
Sample: 784
Sample: 785
Sample: 786
Sample: 787
Sample: 788
Sample: 789
Sample: 790
Sample: 791
Sample: 792
Sample: 793
Sample: 794
Sample: 795
Sample: 796
Sample: 797
Sample: 798
Sample: 799
Sample: 800
Sample: 801
Sample: 802
Sample: 803
Sample: 804
Sample: 805
Sample: 806
Sample: 807
Sample: 808
Sample: 809
Sample: 810
Sample: 811
Sample: 812
Sample: 813
Sample: 814
Sample: 815
Sample: 816
Sample: 817
Sample: 818
Sample: 819
Sample: 820
Sample: 821
Sample: 822
Sample: 823
Sample: 824
Sample: 825
Sample: 826
Sample: 827
Sample: 828
Sample: 829
Sample: 830
Sample: 831
Sample: 832
Sample: 833
Sample: 834
Sample: 835
Sample: 836
Sample: 837
Sample: 838
Sample: 839
Sample: 840
Sample: 841
Sample: 842
Sample: 843
Sample: 844
Sample: 845
Sample: 846
Sample: 847
Sample: 848
Sample: 849
Sample: 850
Sample: 851
Sample: 852
Sample: 853
Sample: 854
Sample: 855
Sample: 856
 Negative species at time: 0
Sample: 857
Sample: 858
Sample: 859
Sample: 860
Sample: 861
Sample: 862
Sample: 863
Sample: 864
Sample: 865
Sample: 866
Sample: 867
Sample: 868
Sample: 869
Sample: 870
Sample: 871
Sample: 872
 Negative species at time: 0.00896179
Sample: 873
 Negative species at time: 0.0271677
Sample: 874
Sample: 875
Sample: 876
Sample: 877
Sample: 878
Sample: 879
Sample: 880
Sample: 881
Sample: 882
Sample: 883
Sample: 884
Sample: 885
Sample: 886
Sample: 887
Sample: 888
Sample: 889
Sample: 890
Sample: 891
Sample: 892
Sample: 893
 Negative species at time: 0.00558912
Sample: 894
Sample: 895
Sample: 896
Sample: 897
Sample: 898
Sample: 899
Sample: 900
Sample: 901
Sample: 902
Sample: 903
Sample: 904
Sample: 905
Sample: 906
Sample: 907
Sample: 908
Sample: 909
Sample: 910
Sample: 911
Sample: 912
Sample: 913
Sample: 914
Sample: 915
Sample: 916
Sample: 917
Sample: 918
Sample: 919
Sample: 920
Sample: 921
Sample: 922
Sample: 923
Sample: 924
Sample: 925
Sample: 926
Sample: 927
Sample: 928
Sample: 929
Sample: 930
Sample: 931
Sample: 932
Sample: 933
Sample: 934
Sample: 935
Sample: 936
Sample: 937
Sample: 938
Sample: 939
Sample: 940
Sample: 941
Sample: 942
Sample: 943
Sample: 944
Sample: 945
Sample: 946
Sample: 947
Sample: 948
Sample: 949
Sample: 950
Sample: 951
Sample: 952
 Negative species at time: 0.0179048
Sample: 953
Sample: 954
Sample: 955
Sample: 956
Sample: 957
Sample: 958
Sample: 959
Sample: 960
Sample: 961
Sample: 962
Sample: 963
Sample: 964
Sample: 965
Sample: 966
Sample: 967
Sample: 968
Sample: 969
Sample: 970
Sample: 971
Sample: 972
Sample: 973
Sample: 974
Sample: 975
Sample: 976
Sample: 977
Sample: 978
Sample: 979
Sample: 980
Sample: 981
Sample: 982
Sample: 983
Sample: 984
Sample: 985
Sample: 986
Sample: 987
Sample: 988
Sample: 989
Sample: 990
Sample: 991
Sample: 992
Sample: 993
Sample: 994
Sample: 995
Sample: 996
Sample: 997
Sample: 998
Sample: 999
Sample: 1000
Sample: 1001
Sample: 1002
Sample: 1003
Sample: 1004
Sample: 1005
Sample: 1006
Sample: 1007
Sample: 1008
Sample: 1009
Sample: 1010
Sample: 1011
Sample: 1012
Sample: 1013
Sample: 1014
Sample: 1015
Sample: 1016
Sample: 1017
Sample: 1018
Sample: 1019
Sample: 1020
Sample: 1021
Sample: 1022
Sample: 1023
Sample: 1024
Sample: 1025
Sample: 1026
Sample: 1027
Sample: 1028
Sample: 1029
Sample: 1030
Sample: 1031
 Negative species at time: 0.0443907
Sample: 1032
Sample: 1033
Sample: 1034
Sample: 1035
Sample: 1036
Sample: 1037
Sample: 1038
Sample: 1039
Sample: 1040
Sample: 1041
Sample: 1042
Sample: 1043
Sample: 1044
Sample: 1045
Sample: 1046
Sample: 1047
Sample: 1048
Sample: 1049
Sample: 1050
Sample: 1051
Sample: 1052
Sample: 1053
Sample: 1054
Sample: 1055
Sample: 1056
Sample: 1057
Sample: 1058
Sample: 1059
Sample: 1060
Sample: 1061
Sample: 1062
Sample: 1063
Sample: 1064
Sample: 1065
Sample: 1066
Sample: 1067
Sample: 1068
Sample: 1069
Sample: 1070
Sample: 1071
 Negative species at time: 0.00444579
Sample: 1072
Sample: 1073
Sample: 1074
Sample: 1075
Sample: 1076
Sample: 1077
Sample: 1078
Sample: 1079
Sample: 1080
Sample: 1081
Sample: 1082
Sample: 1083
Sample: 1084
Sample: 1085
Sample: 1086
Sample: 1087
Sample: 1088
Sample: 1089
Sample: 1090
Sample: 1091
Sample: 1092
Sample: 1093
Sample: 1094
Sample: 1095
Sample: 1096
Sample: 1097
Sample: 1098
Sample: 1099
Sample: 1100
Sample: 1101
Sample: 1102
Sample: 1103
Sample: 1104
Sample: 1105
Sample: 1106
Sample: 1107
Sample: 1108
Sample: 1109
Sample: 1110
Sample: 1111
Sample: 1112
Sample: 1113
Sample: 1114
Sample: 1115
Sample: 1116
Sample: 1117
Sample: 1118
Sample: 1119
Sample: 1120
Sample: 1121
Sample: 1122
Sample: 1123
Sample: 1124
Sample: 1125
Sample: 1126
Sample: 1127
Sample: 1128
Sample: 1129
Sample: 1130
Sample: 1131
Sample: 1132
Sample: 1133
Sample: 1134
Sample: 1135
Sample: 1136
Sample: 1137
Sample: 1138
Sample: 1139
Sample: 1140
Sample: 1141
Sample: 1142
Sample: 1143
Sample: 1144
Sample: 1145
Sample: 1146
Sample: 1147
Sample: 1148
Sample: 1149
Sample: 1150
Sample: 1151
Sample: 1152
Sample: 1153
Sample: 1154
Sample: 1155
Sample: 1156
Sample: 1157
Sample: 1158
Sample: 1159
Sample: 1160
Sample: 1161
Sample: 1162
Sample: 1163
Sample: 1164
Sample: 1165
Sample: 1166
Sample: 1167
Sample: 1168
Sample: 1169
Sample: 1170
Sample: 1171
Sample: 1172
Sample: 1173
Sample: 1174
Sample: 1175
Sample: 1176
Sample: 1177
Sample: 1178
Sample: 1179
Sample: 1180
Sample: 1181
Sample: 1182
Sample: 1183
Sample: 1184
Sample: 1185
Sample: 1186
Sample: 1187
Sample: 1188
Sample: 1189
Sample: 1190
Sample: 1191
Sample: 1192
Sample: 1193
Sample: 1194
Sample: 1195
Sample: 1196
Sample: 1197
Sample: 1198
Sample: 1199
Sample: 1200
Sample: 1201
Sample: 1202
Sample: 1203
Sample: 1204
Sample: 1205
Sample: 1206
Sample: 1207
Sample: 1208
Sample: 1209
Sample: 1210
Sample: 1211
Sample: 1212
Sample: 1213
Sample: 1214
Sample: 1215
Sample: 1216
Sample: 1217
 Negative species at time: 0.00774634
Sample: 1218
Sample: 1219
Sample: 1220
Sample: 1221
Sample: 1222
Sample: 1223
Sample: 1224
Sample: 1225
Sample: 1226
 Negative species at time: 0.0275993
Sample: 1227
Sample: 1228
Sample: 1229
Sample: 1230
Sample: 1231
Sample: 1232
Sample: 1233
Sample: 1234
Sample: 1235
Sample: 1236
Sample: 1237
Sample: 1238
 Negative species at time: 0.00343991
Sample: 1239
Sample: 1240
Sample: 1241
Sample: 1242
Sample: 1243
Sample: 1244
Sample: 1245
Sample: 1246
Sample: 1247
Sample: 1248
Sample: 1249
Sample: 1250
Sample: 1251
Sample: 1252
Sample: 1253
Sample: 1254
Sample: 1255
Sample: 1256
Sample: 1257
 Negative species at time: 0.0024296
Sample: 1258
Sample: 1259
Sample: 1260
Sample: 1261
Sample: 1262
Sample: 1263
Sample: 1264
 Negative species at time: 0.00895274
Sample: 1265
Sample: 1266
Sample: 1267
Sample: 1268
Sample: 1269
Sample: 1270
Sample: 1271
Sample: 1272
Sample: 1273
Sample: 1274
Sample: 1275
Sample: 1276
Sample: 1277
Sample: 1278
Sample: 1279
Sample: 1280
Sample: 1281
Sample: 1282
Sample: 1283
Sample: 1284
Sample: 1285
Sample: 1286
 Negative species at time: 0.00512477
Sample: 1287
Sample: 1288
Sample: 1289
Sample: 1290
Sample: 1291
Sample: 1292
Sample: 1293
Sample: 1294
Sample: 1295
Sample: 1296
 Negative species at time: 0.0116826
Sample: 1297
Sample: 1298
Sample: 1299
Sample: 1300
Sample: 1301
Sample: 1302
Sample: 1303
Sample: 1304
Sample: 1305
Sample: 1306
Sample: 1307
Sample: 1308
Sample: 1309
Sample: 1310
Sample: 1311
Sample: 1312
Sample: 1313
Sample: 1314
Sample: 1315
Sample: 1316
Sample: 1317
Sample: 1318
Sample: 1319
Sample: 1320
Sample: 1321
Sample: 1322
Sample: 1323
Sample: 1324
Sample: 1325
Sample: 1326
Sample: 1327
Sample: 1328
Sample: 1329
Sample: 1330
Sample: 1331
Sample: 1332
Sample: 1333
Sample: 1334
Sample: 1335
Sample: 1336
Sample: 1337
Sample: 1338
Sample: 1339
Sample: 1340
Sample: 1341
Sample: 1342
Sample: 1343
Sample: 1344
Sample: 1345
Sample: 1346
Sample: 1347
Sample: 1348
Sample: 1349
Sample: 1350
Sample: 1351
Sample: 1352
Sample: 1353
Sample: 1354
Sample: 1355
Sample: 1356
Sample: 1357
Sample: 1358
Sample: 1359
Sample: 1360
Sample: 1361
Sample: 1362
Sample: 1363
Sample: 1364
Sample: 1365
Sample: 1366
 Negative species at time: 0
Sample: 1367
Sample: 1368
Sample: 1369
Sample: 1370
Sample: 1371
Sample: 1372
Sample: 1373
Sample: 1374
Sample: 1375
Sample: 1376
Sample: 1377
Sample: 1378
Sample: 1379
Sample: 1380
Sample: 1381
Sample: 1382
Sample: 1383
Sample: 1384
Sample: 1385
Sample: 1386
 Negative species at time: 0.0192278
Sample: 1387
Sample: 1388
Sample: 1389
Sample: 1390
Sample: 1391
Sample: 1392
Sample: 1393
Sample: 1394
Sample: 1395
Sample: 1396
Sample: 1397
Sample: 1398
Sample: 1399
Sample: 1400
Sample: 1401
Sample: 1402
Sample: 1403
Sample: 1404
Sample: 1405
Sample: 1406
Sample: 1407
Sample: 1408
Sample: 1409
Sample: 1410
 Negative species at time: 0
Sample: 1411
Sample: 1412
Sample: 1413
Sample: 1414
Sample: 1415
Sample: 1416
Sample: 1417
Sample: 1418
Sample: 1419
Sample: 1420
Sample: 1421
Sample: 1422
Sample: 1423
Sample: 1424
 Negative species at time: 0.0147914
Sample: 1425
Sample: 1426
Sample: 1427
Sample: 1428
Sample: 1429
Sample: 1430
Sample: 1431
Sample: 1432
Sample: 1433
Sample: 1434
Sample: 1435
 Negative species at time: 0.0264753
Sample: 1436
Sample: 1437
Sample: 1438
Sample: 1439
Sample: 1440
Sample: 1441
Sample: 1442
Sample: 1443
Sample: 1444
Sample: 1445
Sample: 1446
Sample: 1447
Sample: 1448
Sample: 1449
Sample: 1450
Sample: 1451
Sample: 1452
Sample: 1453
Sample: 1454
Sample: 1455
Sample: 1456
Sample: 1457
Sample: 1458
Sample: 1459
Sample: 1460
Sample: 1461
Sample: 1462
Sample: 1463
Sample: 1464
Sample: 1465
Sample: 1466
Sample: 1467
Sample: 1468
Sample: 1469
Sample: 1470
Sample: 1471
Sample: 1472
Sample: 1473
Sample: 1474
Sample: 1475
Sample: 1476
Sample: 1477
Sample: 1478
Sample: 1479
Sample: 1480
Sample: 1481
Sample: 1482
Sample: 1483
Sample: 1484
Sample: 1485
 Negative species at time: 0.0343722
Sample: 1486
Sample: 1487
Sample: 1488
Sample: 1489
Sample: 1490
Sample: 1491
Sample: 1492
Sample: 1493
Sample: 1494
Sample: 1495
Sample: 1496
Sample: 1497
Sample: 1498
Sample: 1499
Sample: 1500
Sample: 1501
Sample: 1502
Sample: 1503
Sample: 1504
Sample: 1505
Sample: 1506
Sample: 1507
Sample: 1508
Sample: 1509
Sample: 1510
Sample: 1511
Sample: 1512
Sample: 1513
Sample: 1514
Sample: 1515
Sample: 1516
Sample: 1517
Sample: 1518
Sample: 1519
Sample: 1520
Sample: 1521
Sample: 1522
Sample: 1523
Sample: 1524
Sample: 1525
Sample: 1526
Sample: 1527
Sample: 1528
Sample: 1529
Sample: 1530
Sample: 1531
Sample: 1532
Sample: 1533
Sample: 1534
Sample: 1535
Sample: 1536
Sample: 1537
Sample: 1538
Sample: 1539
Sample: 1540
 Negative species at time: 0.0024296
Sample: 1541
Sample: 1542
Sample: 1543
Sample: 1544
Sample: 1545
Sample: 1546
Sample: 1547
Sample: 1548
Sample: 1549
Sample: 1550
Sample: 1551
Sample: 1552
Sample: 1553
 Negative species at time: 0.00878157
Sample: 1554
Sample: 1555
Sample: 1556
Sample: 1557
Sample: 1558
Sample: 1559
Sample: 1560
Sample: 1561
Sample: 1562
Sample: 1563
Sample: 1564
Sample: 1565
Sample: 1566
Sample: 1567
Sample: 1568
Sample: 1569
Sample: 1570
Sample: 1571
Sample: 1572
Sample: 1573
Sample: 1574
Sample: 1575
Sample: 1576
Sample: 1577
Sample: 1578
Sample: 1579
Sample: 1580
Sample: 1581
Sample: 1582
Sample: 1583
Sample: 1584
Sample: 1585
Sample: 1586
Sample: 1587
Sample: 1588
Sample: 1589
Sample: 1590
Sample: 1591
Sample: 1592
Sample: 1593
Sample: 1594
Sample: 1595
Sample: 1596
Sample: 1597
Sample: 1598
Sample: 1599
Sample: 1600
Sample: 1601
Sample: 1602
Sample: 1603
Sample: 1604
Sample: 1605
Sample: 1606
Sample: 1607
Sample: 1608
Sample: 1609
Sample: 1610
Sample: 1611
Sample: 1612
Sample: 1613
Sample: 1614
Sample: 1615
Sample: 1616
Sample: 1617
Sample: 1618
Sample: 1619
Sample: 1620
Sample: 1621
Sample: 1622
Sample: 1623
Sample: 1624
Sample: 1625
Sample: 1626
Sample: 1627
Sample: 1628
Sample: 1629
Sample: 1630
 Negative species at time: 0.00444579
Sample: 1631
Sample: 1632
Sample: 1633
Sample: 1634
Sample: 1635
Sample: 1636
Sample: 1637
Sample: 1638
Sample: 1639
Sample: 1640
Sample: 1641
Sample: 1642
Sample: 1643
Sample: 1644
Sample: 1645
Sample: 1646
Sample: 1647
Sample: 1648
Sample: 1649
Sample: 1650
Sample: 1651
Sample: 1652
Sample: 1653
Sample: 1654
Sample: 1655
Sample: 1656
Sample: 1657
Sample: 1658
Sample: 1659
Sample: 1660
Sample: 1661
Sample: 1662
Sample: 1663
Sample: 1664
Sample: 1665
Sample: 1666
Sample: 1667
Sample: 1668
 Negative species at time: 0.0275451
Sample: 1669
Sample: 1670
Sample: 1671
Sample: 1672
Sample: 1673
Sample: 1674
Sample: 1675
Sample: 1676
Sample: 1677
Sample: 1678
Sample: 1679
Sample: 1680
Sample: 1681
Sample: 1682
Sample: 1683
Sample: 1684
Sample: 1685
Sample: 1686
Sample: 1687
Sample: 1688
Sample: 1689
Sample: 1690
Sample: 1691
Sample: 1692
Sample: 1693
 Negative species at time: 0.0124412
Sample: 1694
Sample: 1695
Sample: 1696
Sample: 1697
Sample: 1698
Sample: 1699
Sample: 1700
Sample: 1701
Sample: 1702
Sample: 1703
Sample: 1704
Sample: 1705
Sample: 1706
Sample: 1707
Sample: 1708
Sample: 1709
Sample: 1710
Sample: 1711
Sample: 1712
Sample: 1713
Sample: 1714
Sample: 1715
Sample: 1716
Sample: 1717
Sample: 1718
Sample: 1719
Sample: 1720
Sample: 1721
Sample: 1722
Sample: 1723
Sample: 1724
Sample: 1725
Sample: 1726
Sample: 1727
Sample: 1728
Sample: 1729
Sample: 1730
Sample: 1731
Sample: 1732
Sample: 1733
Sample: 1734
Sample: 1735
Sample: 1736
Sample: 1737
Sample: 1738
Sample: 1739
Sample: 1740
 Negative species at time: 0.0167652
Sample: 1741
Sample: 1742
Sample: 1743
Sample: 1744
Sample: 1745
Sample: 1746
Sample: 1747
Sample: 1748
Sample: 1749
Sample: 1750
Sample: 1751
Sample: 1752
Sample: 1753
Sample: 1754
Sample: 1755
Sample: 1756
Sample: 1757
Sample: 1758
Sample: 1759
Sample: 1760
Sample: 1761
Sample: 1762
Sample: 1763
Sample: 1764
Sample: 1765
Sample: 1766
Sample: 1767
Sample: 1768
Sample: 1769
Sample: 1770
Sample: 1771
Sample: 1772
Sample: 1773
Sample: 1774
Sample: 1775
Sample: 1776
Sample: 1777
Sample: 1778
Sample: 1779
Sample: 1780
Sample: 1781
Sample: 1782
Sample: 1783
Sample: 1784
Sample: 1785
Sample: 1786
Sample: 1787
Sample: 1788
Sample: 1789
Sample: 1790
Sample: 1791
Sample: 1792
Sample: 1793
Sample: 1794
Sample: 1795
Sample: 1796
Sample: 1797
Sample: 1798
Sample: 1799
Sample: 1800
Sample: 1801
Sample: 1802
Sample: 1803
Sample: 1804
Sample: 1805
Sample: 1806
Sample: 1807
Sample: 1808
Sample: 1809
Sample: 1810
Sample: 1811
Sample: 1812
Sample: 1813
Sample: 1814
Sample: 1815
Sample: 1816
Sample: 1817
Sample: 1818
Sample: 1819
Sample: 1820
Sample: 1821
Sample: 1822
Sample: 1823
Sample: 1824
Sample: 1825
Sample: 1826
Sample: 1827
Sample: 1828
Sample: 1829
Sample: 1830
Sample: 1831
Sample: 1832
Sample: 1833
Sample: 1834
Sample: 1835
Sample: 1836
Sample: 1837
Sample: 1838
Sample: 1839
Sample: 1840
Sample: 1841
Sample: 1842
Sample: 1843
Sample: 1844
Sample: 1845
Sample: 1846
Sample: 1847
Sample: 1848
Sample: 1849
Sample: 1850
Sample: 1851
Sample: 1852
Sample: 1853
Sample: 1854
Sample: 1855
Sample: 1856
Sample: 1857
Sample: 1858
Sample: 1859
Sample: 1860
Sample: 1861
Sample: 1862
Sample: 1863
Sample: 1864
Sample: 1865
 Negative species at time: 0
Sample: 1866
Sample: 1867
Sample: 1868
Sample: 1869
Sample: 1870
Sample: 1871
Sample: 1872
Sample: 1873
Sample: 1874
Sample: 1875
Sample: 1876
Sample: 1877
 Negative species at time: 0.00753337
Sample: 1878
Sample: 1879
Sample: 1880
Sample: 1881
Sample: 1882
Sample: 1883
Sample: 1884
Sample: 1885
Sample: 1886
Sample: 1887
Sample: 1888
Sample: 1889
Sample: 1890
Sample: 1891
Sample: 1892
Sample: 1893
Sample: 1894
Sample: 1895
Sample: 1896
Sample: 1897
Sample: 1898
Sample: 1899
Sample: 1900
Sample: 1901
Sample: 1902
Sample: 1903
Sample: 1904
Sample: 1905
Sample: 1906
Sample: 1907
Sample: 1908
Sample: 1909
Sample: 1910
Sample: 1911
Sample: 1912
Sample: 1913
Sample: 1914
Sample: 1915
Sample: 1916
Sample: 1917
Sample: 1918
Sample: 1919
Sample: 1920
Sample: 1921
Sample: 1922
Sample: 1923
Sample: 1924
Sample: 1925
Sample: 1926
Sample: 1927
Sample: 1928
Sample: 1929
Sample: 1930
Sample: 1931
Sample: 1932
Sample: 1933
Sample: 1934
Sample: 1935
Sample: 1936
Sample: 1937
Sample: 1938
Sample: 1939
Sample: 1940
Sample: 1941
Sample: 1942
Sample: 1943
 Negative species at time: 0.0117639
Sample: 1944
Sample: 1945
Sample: 1946
Sample: 1947
Sample: 1948
Sample: 1949
Sample: 1950
Sample: 1951
Sample: 1952
Sample: 1953
Sample: 1954
Sample: 1955
Sample: 1956
Sample: 1957
Sample: 1958
Sample: 1959
Sample: 1960
Sample: 1961
Sample: 1962
Sample: 1963
Sample: 1964
Sample: 1965
Sample: 1966
Sample: 1967
Sample: 1968
Sample: 1969
Sample: 1970
Sample: 1971
Sample: 1972
Sample: 1973
Sample: 1974
Sample: 1975
Sample: 1976
Sample: 1977
Sample: 1978
Sample: 1979
Sample: 1980
Sample: 1981
Sample: 1982
Sample: 1983
Sample: 1984
Sample: 1985
Sample: 1986
Sample: 1987
Sample: 1988
Sample: 1989
Sample: 1990
Sample: 1991
Sample: 1992
Sample: 1993
Sample: 1994
Sample: 1995
Sample: 1996
Sample: 1997
Sample: 1998
Sample: 1999
Sample: 2000
Sample: 2001
Sample: 2002
Sample: 2003
Sample: 2004
Sample: 2005
Sample: 2006
Sample: 2007
Sample: 2008
Sample: 2009
Sample: 2010
Sample: 2011
Sample: 2012
Sample: 2013
Sample: 2014
Sample: 2015
Sample: 2016
Sample: 2017
Sample: 2018
Sample: 2019
Sample: 2020
Sample: 2021
Sample: 2022
Sample: 2023
Sample: 2024
Sample: 2025
Sample: 2026
Sample: 2027
Sample: 2028
Sample: 2029
Sample: 2030
Sample: 2031
Sample: 2032
Sample: 2033
Sample: 2034
Sample: 2035
Sample: 2036
Sample: 2037
Sample: 2038
Sample: 2039
 Negative species at time: 0.00398266
Sample: 2040
Sample: 2041
Sample: 2042
Sample: 2043
Sample: 2044
Sample: 2045
Sample: 2046
Sample: 2047
Sample: 2048
Sample: 2049
Sample: 2050
Sample: 2051
Sample: 2052
Sample: 2053
Sample: 2054
Sample: 2055
Sample: 2056
Sample: 2057
Sample: 2058
Sample: 2059
Sample: 2060
Sample: 2061
Sample: 2062
Sample: 2063
Sample: 2064
Sample: 2065
Sample: 2066
Sample: 2067
Sample: 2068
Sample: 2069
Sample: 2070
Sample: 2071
Sample: 2072
Sample: 2073
Sample: 2074
Sample: 2075
Sample: 2076
Sample: 2077
Sample: 2078
Sample: 2079
Sample: 2080
Sample: 2081
Sample: 2082
Sample: 2083
Sample: 2084
Sample: 2085
Sample: 2086
Sample: 2087
Sample: 2088
Sample: 2089
Sample: 2090
Sample: 2091
Sample: 2092
Sample: 2093
Sample: 2094
Sample: 2095
Sample: 2096
Sample: 2097
Sample: 2098
Sample: 2099
Sample: 2100
Sample: 2101
Sample: 2102
Sample: 2103
Sample: 2104
Sample: 2105
Sample: 2106
Sample: 2107
Sample: 2108
Sample: 2109
Sample: 2110
Sample: 2111
Sample: 2112
Sample: 2113
Sample: 2114
Sample: 2115
Sample: 2116
Sample: 2117
Sample: 2118
Sample: 2119
Sample: 2120
Sample: 2121
Sample: 2122
Sample: 2123
Sample: 2124
Sample: 2125
Sample: 2126
Sample: 2127
Sample: 2128
Sample: 2129
Sample: 2130
Sample: 2131
Sample: 2132
Sample: 2133
Sample: 2134
Sample: 2135
Sample: 2136
Sample: 2137
Sample: 2138
Sample: 2139
Sample: 2140
Sample: 2141
Sample: 2142
Sample: 2143
Sample: 2144
Sample: 2145
Sample: 2146
Sample: 2147
Sample: 2148
Sample: 2149
Sample: 2150
Sample: 2151
Sample: 2152
Sample: 2153
Sample: 2154
Sample: 2155
Sample: 2156
Sample: 2157
Sample: 2158
Sample: 2159
Sample: 2160
Sample: 2161
Sample: 2162
Sample: 2163
Sample: 2164
Sample: 2165
Sample: 2166
Sample: 2167
Sample: 2168
Sample: 2169
Sample: 2170
Sample: 2171
Sample: 2172
Sample: 2173
Sample: 2174
Sample: 2175
Sample: 2176
Sample: 2177
Sample: 2178
Sample: 2179
Sample: 2180
Sample: 2181
Sample: 2182
Sample: 2183
Sample: 2184
Sample: 2185
Sample: 2186
Sample: 2187
Sample: 2188
Sample: 2189
Sample: 2190
Sample: 2191
Sample: 2192
Sample: 2193
Sample: 2194
Sample: 2195
Sample: 2196
Sample: 2197
Sample: 2198
Sample: 2199
Sample: 2200
Sample: 2201
Sample: 2202
Sample: 2203
Sample: 2204
Sample: 2205
Sample: 2206
Sample: 2207
Sample: 2208
Sample: 2209
Sample: 2210
Sample: 2211
Sample: 2212
Sample: 2213
Sample: 2214
Sample: 2215
Sample: 2216
Sample: 2217
Sample: 2218
Sample: 2219
Sample: 2220
Sample: 2221
Sample: 2222
Sample: 2223
Sample: 2224
Sample: 2225
Sample: 2226
Sample: 2227
Sample: 2228
Sample: 2229
Sample: 2230
Sample: 2231
Sample: 2232
Sample: 2233
Sample: 2234
Sample: 2235
Sample: 2236
Sample: 2237
Sample: 2238
Sample: 2239
Sample: 2240
Sample: 2241
Sample: 2242
Sample: 2243
Sample: 2244
Sample: 2245
Sample: 2246
Sample: 2247
Sample: 2248
Sample: 2249
Sample: 2250
Sample: 2251
Sample: 2252
Sample: 2253
Sample: 2254
Sample: 2255
Sample: 2256
Sample: 2257
Sample: 2258
Sample: 2259
Sample: 2260
Sample: 2261
Sample: 2262
Sample: 2263
Sample: 2264
Sample: 2265
Sample: 2266
Sample: 2267
 Negative species at time: 0.00343991
Sample: 2268
Sample: 2269
Sample: 2270
Sample: 2271
Sample: 2272
Sample: 2273
Sample: 2274
 Negative species at time: 0.00693822
Sample: 2275
 Negative species at time: 0
Sample: 2276
Sample: 2277
Sample: 2278
Sample: 2279
Sample: 2280
Sample: 2281
Sample: 2282
Sample: 2283
Sample: 2284
Sample: 2285
Sample: 2286
Sample: 2287
Sample: 2288
Sample: 2289
Sample: 2290
Sample: 2291
Sample: 2292
Sample: 2293
Sample: 2294
Sample: 2295
Sample: 2296
Sample: 2297
 Negative species at time: 0.00365568
Sample: 2298
Sample: 2299
Sample: 2300
Sample: 2301
Sample: 2302
Sample: 2303
 Negative species at time: 0.0107062
Sample: 2304
Sample: 2305
Sample: 2306
Sample: 2307
Sample: 2308
Sample: 2309
Sample: 2310
Sample: 2311
Sample: 2312
Sample: 2313
Sample: 2314
Sample: 2315
Sample: 2316
Sample: 2317
Sample: 2318
Sample: 2319
Sample: 2320
Sample: 2321
Sample: 2322
Sample: 2323
Sample: 2324
Sample: 2325
Sample: 2326
Sample: 2327
Sample: 2328
Sample: 2329
Sample: 2330
Sample: 2331
Sample: 2332
Sample: 2333
Sample: 2334
Sample: 2335
Sample: 2336
Sample: 2337
Sample: 2338
Sample: 2339
Sample: 2340
Sample: 2341
Sample: 2342
Sample: 2343
Sample: 2344
Sample: 2345
Sample: 2346
Sample: 2347
Sample: 2348
Sample: 2349
Sample: 2350
Sample: 2351
Sample: 2352
Sample: 2353
Sample: 2354
Sample: 2355
Sample: 2356
Sample: 2357
Sample: 2358
Sample: 2359
Sample: 2360
Sample: 2361
Sample: 2362
Sample: 2363
Sample: 2364
Sample: 2365
Sample: 2366
Sample: 2367
Sample: 2368
Sample: 2369
Sample: 2370
Sample: 2371
Sample: 2372
Sample: 2373
Sample: 2374
Sample: 2375
Sample: 2376
Sample: 2377
Sample: 2378
Sample: 2379
Sample: 2380
Sample: 2381
Sample: 2382
Sample: 2383
Sample: 2384
Sample: 2385
Sample: 2386
Sample: 2387
Sample: 2388
Sample: 2389
Sample: 2390
Sample: 2391
Sample: 2392
Sample: 2393
Sample: 2394
Sample: 2395
Sample: 2396
Sample: 2397
Sample: 2398
Sample: 2399
Sample: 2400
Sample: 2401
Sample: 2402
Sample: 2403
Sample: 2404
Sample: 2405
Sample: 2406
Sample: 2407
Sample: 2408
Sample: 2409
Sample: 2410
Sample: 2411
Sample: 2412
Sample: 2413
Sample: 2414
Sample: 2415
Sample: 2416
Sample: 2417
Sample: 2418
Sample: 2419
Sample: 2420
Sample: 2421
Sample: 2422
Sample: 2423
Sample: 2424
Sample: 2425
Sample: 2426
Sample: 2427
Sample: 2428
Sample: 2429
Sample: 2430
Sample: 2431
Sample: 2432
Sample: 2433
Sample: 2434
Sample: 2435
Sample: 2436
Sample: 2437
 Negative species at time: 0.0130474
Sample: 2438
Sample: 2439
Sample: 2440
Sample: 2441
Sample: 2442
Sample: 2443
Sample: 2444
Sample: 2445
Sample: 2446
Sample: 2447
Sample: 2448
 Negative species at time: 0
Sample: 2449
Sample: 2450
Sample: 2451
Sample: 2452
Sample: 2453
Sample: 2454
Sample: 2455
Sample: 2456
Sample: 2457
Sample: 2458
Sample: 2459
Sample: 2460
Sample: 2461
Sample: 2462
Sample: 2463
Sample: 2464
Sample: 2465
Sample: 2466
Sample: 2467
Sample: 2468
Sample: 2469
Sample: 2470
Sample: 2471
Sample: 2472
Sample: 2473
Sample: 2474
Sample: 2475
Sample: 2476
Sample: 2477
Sample: 2478
Sample: 2479
Sample: 2480
Sample: 2481
Sample: 2482
Sample: 2483
Sample: 2484
Sample: 2485
Sample: 2486
Sample: 2487
Sample: 2488
Sample: 2489
Sample: 2490
Sample: 2491
Sample: 2492
Sample: 2493
Sample: 2494
Sample: 2495
Sample: 2496
Sample: 2497
Sample: 2498
Sample: 2499
Sample: 2500
Sample: 2501
Sample: 2502
Sample: 2503
Sample: 2504
Sample: 2505
Sample: 2506
Sample: 2507
Sample: 2508
Sample: 2509
Sample: 2510
Sample: 2511
Sample: 2512
Sample: 2513
Sample: 2514
Sample: 2515
Sample: 2516
Sample: 2517
Sample: 2518
Sample: 2519
Sample: 2520
Sample: 2521
Sample: 2522
Sample: 2523
Sample: 2524
Sample: 2525
Sample: 2526
Sample: 2527
Sample: 2528
Sample: 2529
Sample: 2530
Sample: 2531
Sample: 2532
 Negative species at time: 0.0105412
Sample: 2533
Sample: 2534
Sample: 2535
Sample: 2536
Sample: 2537
Sample: 2538
Sample: 2539
Sample: 2540
Sample: 2541
Sample: 2542
Sample: 2543
Sample: 2544
Sample: 2545
Sample: 2546
Sample: 2547
Sample: 2548
Sample: 2549
Sample: 2550
Sample: 2551
Sample: 2552
Sample: 2553
Sample: 2554
Sample: 2555
Sample: 2556
Sample: 2557
Sample: 2558
Sample: 2559
Sample: 2560
Sample: 2561
Sample: 2562
Sample: 2563
Sample: 2564
Sample: 2565
Sample: 2566
Sample: 2567
Sample: 2568
Sample: 2569
Sample: 2570
Sample: 2571
Sample: 2572
Sample: 2573
Sample: 2574
Sample: 2575
Sample: 2576
Sample: 2577
Sample: 2578
Sample: 2579
Sample: 2580
Sample: 2581
Sample: 2582
Sample: 2583
Sample: 2584
Sample: 2585
Sample: 2586
Sample: 2587
Sample: 2588
Sample: 2589
Sample: 2590
Sample: 2591
Sample: 2592
Sample: 2593
Sample: 2594
Sample: 2595
Sample: 2596
Sample: 2597
Sample: 2598
Sample: 2599
Sample: 2600
Sample: 2601
Sample: 2602
Sample: 2603
Sample: 2604
Sample: 2605
Sample: 2606
Sample: 2607
Sample: 2608
Sample: 2609
Sample: 2610
Sample: 2611
Sample: 2612
Sample: 2613
Sample: 2614
Sample: 2615
Sample: 2616
Sample: 2617
Sample: 2618
Sample: 2619
Sample: 2620
 Negative species at time: 0.013293
Sample: 2621
Sample: 2622
Sample: 2623
Sample: 2624
Sample: 2625
Sample: 2626
Sample: 2627
Sample: 2628
Sample: 2629
Sample: 2630
Sample: 2631
Sample: 2632
Sample: 2633
Sample: 2634
Sample: 2635
Sample: 2636
Sample: 2637
Sample: 2638
Sample: 2639
Sample: 2640
Sample: 2641
Sample: 2642
Sample: 2643
Sample: 2644
Sample: 2645
Sample: 2646
Sample: 2647
Sample: 2648
Sample: 2649
Sample: 2650
Sample: 2651
Sample: 2652
Sample: 2653
Sample: 2654
Sample: 2655
Sample: 2656
Sample: 2657
Sample: 2658
Sample: 2659
Sample: 2660
Sample: 2661
Sample: 2662
Sample: 2663
Sample: 2664
Sample: 2665
Sample: 2666
Sample: 2667
Sample: 2668
Sample: 2669
Sample: 2670
Sample: 2671
Sample: 2672
Sample: 2673
Sample: 2674
Sample: 2675
Sample: 2676
Sample: 2677
Sample: 2678
Sample: 2679
Sample: 2680
Sample: 2681
Sample: 2682
Sample: 2683
Sample: 2684
Sample: 2685
Sample: 2686
Sample: 2687
Sample: 2688
Sample: 2689
Sample: 2690
Sample: 2691
Sample: 2692
Sample: 2693
Sample: 2694
Sample: 2695
Sample: 2696
Sample: 2697
Sample: 2698
Sample: 2699
Sample: 2700
Sample: 2701
Sample: 2702
Sample: 2703
Sample: 2704
Sample: 2705
Sample: 2706
Sample: 2707
Sample: 2708
Sample: 2709
Sample: 2710
Sample: 2711
Sample: 2712
Sample: 2713
Sample: 2714
Sample: 2715
Sample: 2716
Sample: 2717
Sample: 2718
Sample: 2719
Sample: 2720
 Negative species at time: 0.00444579
Sample: 2721
Sample: 2722
Sample: 2723
Sample: 2724
Sample: 2725
Sample: 2726
Sample: 2727
Sample: 2728
Sample: 2729
Sample: 2730
Sample: 2731
Sample: 2732
Sample: 2733
Sample: 2734
Sample: 2735
Sample: 2736
Sample: 2737
Sample: 2738
Sample: 2739
Sample: 2740
Sample: 2741
Sample: 2742
Sample: 2743
Sample: 2744
Sample: 2745
Sample: 2746
Sample: 2747
Sample: 2748
Sample: 2749
Sample: 2750
Sample: 2751
Sample: 2752
Sample: 2753
Sample: 2754
Sample: 2755
Sample: 2756
Sample: 2757
Sample: 2758
Sample: 2759
Sample: 2760
Sample: 2761
Sample: 2762
Sample: 2763
Sample: 2764
Sample: 2765
Sample: 2766
Sample: 2767
Sample: 2768
Sample: 2769
Sample: 2770
Sample: 2771
Sample: 2772
Sample: 2773
Sample: 2774
Sample: 2775
Sample: 2776
Sample: 2777
Sample: 2778
Sample: 2779
Sample: 2780
Sample: 2781
Sample: 2782
Sample: 2783
Sample: 2784
Sample: 2785
Sample: 2786
Sample: 2787
Sample: 2788
Sample: 2789
Sample: 2790
 Negative species at time: 0.0265961
Sample: 2791
Sample: 2792
Sample: 2793
Sample: 2794
Sample: 2795
Sample: 2796
Sample: 2797
Sample: 2798
Sample: 2799
Sample: 2800
Sample: 2801
Sample: 2802
Sample: 2803
Sample: 2804
Sample: 2805
Sample: 2806
Sample: 2807
Sample: 2808
Sample: 2809
Sample: 2810
Sample: 2811
Sample: 2812
Sample: 2813
Sample: 2814
Sample: 2815
Sample: 2816
Sample: 2817
Sample: 2818
Sample: 2819
Sample: 2820
Sample: 2821
Sample: 2822
Sample: 2823
Sample: 2824
Sample: 2825
Sample: 2826
Sample: 2827
Sample: 2828
Sample: 2829
Sample: 2830
Sample: 2831
Sample: 2832
Sample: 2833
Sample: 2834
Sample: 2835
Sample: 2836
Sample: 2837
Sample: 2838
 Negative species at time: 0.00915989
Sample: 2839
Sample: 2840
Sample: 2841
 Negative species at time: 0.00818174
Sample: 2842
Sample: 2843
Sample: 2844
Sample: 2845
Sample: 2846
Sample: 2847
Sample: 2848
Sample: 2849
Sample: 2850
Sample: 2851
Sample: 2852
Sample: 2853
Sample: 2854
Sample: 2855
Sample: 2856
Sample: 2857
Sample: 2858
Sample: 2859
Sample: 2860
Sample: 2861
Sample: 2862
Sample: 2863
Sample: 2864
Sample: 2865
Sample: 2866
Sample: 2867
Sample: 2868
Sample: 2869
Sample: 2870
Sample: 2871
Sample: 2872
Sample: 2873
Sample: 2874
Sample: 2875
Sample: 2876
Sample: 2877
Sample: 2878
Sample: 2879
Sample: 2880
Sample: 2881
Sample: 2882
Sample: 2883
Sample: 2884
Sample: 2885
Sample: 2886
Sample: 2887
Sample: 2888
Sample: 2889
Sample: 2890
Sample: 2891
Sample: 2892
Sample: 2893
Sample: 2894
 Negative species at time: 0.0166559
Sample: 2895
Sample: 2896
Sample: 2897
Sample: 2898
Sample: 2899
Sample: 2900
Sample: 2901
Sample: 2902
Sample: 2903
Sample: 2904
Sample: 2905
Sample: 2906
Sample: 2907
Sample: 2908
Sample: 2909
Sample: 2910
Sample: 2911
Sample: 2912
Sample: 2913
Sample: 2914
Sample: 2915
Sample: 2916
Sample: 2917
Sample: 2918
Sample: 2919
Sample: 2920
Sample: 2921
Sample: 2922
Sample: 2923
Sample: 2924
Sample: 2925
Sample: 2926
Sample: 2927
Sample: 2928
Sample: 2929
Sample: 2930
Sample: 2931
Sample: 2932
Sample: 2933
Sample: 2934
Sample: 2935
Sample: 2936
Sample: 2937
Sample: 2938
Sample: 2939
Sample: 2940
 Negative species at time: 0.0024296
Sample: 2941
Sample: 2942
Sample: 2943
Sample: 2944
Sample: 2945
Sample: 2946
Sample: 2947
Sample: 2948
Sample: 2949
Sample: 2950
Sample: 2951
 Negative species at time: 0.0024296
 Negative species at time: 0.0122518
Sample: 2952
Sample: 2953
Sample: 2954
Sample: 2955
Sample: 2956
Sample: 2957
Sample: 2958
Sample: 2959
Sample: 2960
Sample: 2961
Sample: 2962
Sample: 2963
Sample: 2964
Sample: 2965
Sample: 2966
Sample: 2967
Sample: 2968
Sample: 2969
Sample: 2970
Sample: 2971
Sample: 2972
Sample: 2973
Sample: 2974
Sample: 2975
Sample: 2976
Sample: 2977
Sample: 2978
Sample: 2979
Sample: 2980
Sample: 2981
Sample: 2982
 Negative species at time: 0.0024296
Sample: 2983
Sample: 2984
Sample: 2985
Sample: 2986
Sample: 2987
Sample: 2988
Sample: 2989
Sample: 2990
Sample: 2991
Sample: 2992
Sample: 2993
Sample: 2994
Sample: 2995
Sample: 2996
Sample: 2997
Sample: 2998
Sample: 2999
Sample: 3000
Sample: 3001
Sample: 3002
Sample: 3003
Sample: 3004
 Negative species at time: 0.0121371
Sample: 3005
Sample: 3006
Sample: 3007
Sample: 3008
Sample: 3009
Sample: 3010
Sample: 3011
Sample: 3012
Sample: 3013
Sample: 3014
Sample: 3015
Sample: 3016
Sample: 3017
Sample: 3018
 Negative species at time: 0.0116508
Sample: 3019
Sample: 3020
Sample: 3021
Sample: 3022
Sample: 3023
Sample: 3024
Sample: 3025
Sample: 3026
Sample: 3027
Sample: 3028
Sample: 3029
Sample: 3030
Sample: 3031
Sample: 3032
Sample: 3033
Sample: 3034
Sample: 3035
Sample: 3036
Sample: 3037
Sample: 3038
Sample: 3039
Sample: 3040
Sample: 3041
Sample: 3042
Sample: 3043
Sample: 3044
Sample: 3045
Sample: 3046
Sample: 3047
Sample: 3048
Sample: 3049
Sample: 3050
Sample: 3051
Sample: 3052
Sample: 3053
Sample: 3054
Sample: 3055
Sample: 3056
Sample: 3057
Sample: 3058
Sample: 3059
Sample: 3060
Sample: 3061
Sample: 3062
Sample: 3063
Sample: 3064
Sample: 3065
Sample: 3066
Sample: 3067
Sample: 3068
Sample: 3069
Sample: 3070
Sample: 3071
Sample: 3072
Sample: 3073
Sample: 3074
Sample: 3075
Sample: 3076
Sample: 3077
Sample: 3078
Sample: 3079
Sample: 3080
Sample: 3081
Sample: 3082
Sample: 3083
Sample: 3084
Sample: 3085
Sample: 3086
Sample: 3087
Sample: 3088
Sample: 3089
Sample: 3090
Sample: 3091
Sample: 3092
Sample: 3093
Sample: 3094
Sample: 3095
Sample: 3096
Sample: 3097
Sample: 3098
Sample: 3099
Sample: 3100
Sample: 3101
Sample: 3102
Sample: 3103
Sample: 3104
Sample: 3105
Sample: 3106
Sample: 3107
Sample: 3108
Sample: 3109
Sample: 3110
Sample: 3111
Sample: 3112
Sample: 3113
Sample: 3114
Sample: 3115
Sample: 3116
Sample: 3117
Sample: 3118
Sample: 3119
Sample: 3120
Sample: 3121
Sample: 3122
Sample: 3123
Sample: 3124
Sample: 3125
Sample: 3126
Sample: 3127
Sample: 3128
Sample: 3129
Sample: 3130
Sample: 3131
Sample: 3132
Sample: 3133
Sample: 3134
Sample: 3135
Sample: 3136
Sample: 3137
Sample: 3138
Sample: 3139
Sample: 3140
Sample: 3141
Sample: 3142
Sample: 3143
Sample: 3144
Sample: 3145
Sample: 3146
Sample: 3147
Sample: 3148
Sample: 3149
Sample: 3150
Sample: 3151
Sample: 3152
Sample: 3153
Sample: 3154
Sample: 3155
Sample: 3156
Sample: 3157
Sample: 3158
Sample: 3159
Sample: 3160
Sample: 3161
Sample: 3162
Sample: 3163
Sample: 3164
Sample: 3165
Sample: 3166
Sample: 3167
Sample: 3168
Sample: 3169
Sample: 3170
Sample: 3171
Sample: 3172
Sample: 3173
Sample: 3174
Sample: 3175
Sample: 3176
Sample: 3177
Sample: 3178
Sample: 3179
Sample: 3180
Sample: 3181
 Negative species at time: 0.0189642
Sample: 3182
Sample: 3183
Sample: 3184
Sample: 3185
Sample: 3186
Sample: 3187
Sample: 3188
Sample: 3189
Sample: 3190
Sample: 3191
Sample: 3192
Sample: 3193
 Negative species at time: 0.0110372
Sample: 3194
Sample: 3195
Sample: 3196
Sample: 3197
Sample: 3198
Sample: 3199
Sample: 3200
Sample: 3201
Sample: 3202
