python/anaconda (WARNING):
    Loading this module causes the environment generated by other
    modules to become inconsistent, because Anaconda employs its
    own development environment. This in particular concerns the
    compiler (gcc) and MPI settings, but also other tools, which 
    may cease working correctly.
In the directory: /home/hpc/txh01/di49zin/SSM/SSM/Simulations/Dimerization/Stiff/AdaptiveSLeaping/eps_0.01
Running program on  nodes, with 28 cores on node, each with 28 cores.
line 8: (10310 [Error]) The syntax of 'id' attribute values must conform to the syntax of the SBML type 'SId'.

Adaptive S-Leaping...
		Saving data at time t = 0
		Saving data at time t = 0.4
		Saving data at time t = 0.8
		Saving data at time t = 1.2
		Saving data at time t = 1.6
		Saving data at time t = 2
		Saving data at time t = 2.4
		Saving data at time t = 2.8
		Saving data at time t = 3.2
		Saving data at time t = 3.6
		Saving data at time t = 4
		Saving data at time t = 4.4
		Saving data at time t = 4.8
		Saving data at time t = 5.2
		Saving data at time t = 5.6
		Saving data at time t = 6
		Saving data at time t = 6.4
		Saving data at time t = 6.8
		Saving data at time t = 7.2
		Saving data at time t = 7.6
		Saving data at time t = 8
		Saving data at time t = 8.4
		Saving data at time t = 8.8
		Saving data at time t = 9.2
		Saving data at time t = 9.6
		Saving data at time t = 10
Sample: 0
 Number of Negative species 0
Number of realizations: 16009085
Sample: 1
 Number of Negative species 0
Number of realizations: 16009097
Sample: 2
 Number of Negative species 0
Number of realizations: 16009090
Sample: 3
 Number of Negative species 0
Number of realizations: 16009009
Sample: 4
 Number of Negative species 0
Number of realizations: 16008852
Sample: 5
 Number of Negative species 0
Number of realizations: 16009153
Sample: 6
 Number of Negative species 0
Number of realizations: 16008493
Sample: 7
 Number of Negative species 0
Number of realizations: 16009671
Sample: 8
 Number of Negative species 0
Number of realizations: 16010288
Sample: 9
 Number of Negative species 0
Number of realizations: 16008724
Sample: 10
 Number of Negative species 0
Number of realizations: 16008742
Sample: 11
 Number of Negative species 0
Number of realizations: 16008657
Sample: 12
 Number of Negative species 0
Number of realizations: 16008971
Sample: 13
 Number of Negative species 0
Number of realizations: 16009430
Sample: 14
 Number of Negative species 0
Number of realizations: 16009460
Sample: 15
 Number of Negative species 0
Number of realizations: 16010252
Sample: 16
 Number of Negative species 0
Number of realizations: 16009250
Sample: 17
 Number of Negative species 0
Number of realizations: 16009667
Sample: 18
 Number of Negative species 0
Number of realizations: 16010608
Sample: 19
 Number of Negative species 0
Number of realizations: 16008506
Sample: 20
 Number of Negative species 0
Number of realizations: 16007374
Sample: 21
 Number of Negative species 0
Number of realizations: 16008317
Sample: 22
 Number of Negative species 0
Number of realizations: 16008999
Sample: 23
 Number of Negative species 0
Number of realizations: 16007846
Sample: 24
 Number of Negative species 0
Number of realizations: 16008530
Sample: 25
 Number of Negative species 0
Number of realizations: 16009265
Sample: 26
 Number of Negative species 0
Number of realizations: 16009887
Sample: 27
 Number of Negative species 0
Number of realizations: 16008337
Sample: 28
 Number of Negative species 0
Number of realizations: 16008994
Sample: 29
 Number of Negative species 0
Number of realizations: 16009454
Sample: 30
 Number of Negative species 0
Number of realizations: 16008745
Sample: 31
 Number of Negative species 0
Number of realizations: 16007412
Sample: 32
 Number of Negative species 0
Number of realizations: 16008628
Sample: 33
 Number of Negative species 0
Number of realizations: 16007306
Sample: 34
 Number of Negative species 0
Number of realizations: 16010257
Sample: 35
 Number of Negative species 0
Number of realizations: 16008557
Sample: 36
 Number of Negative species 0
Number of realizations: 16008594
Sample: 37
 Number of Negative species 0
Number of realizations: 16010491
Sample: 38
 Number of Negative species 0
Number of realizations: 16009439
Sample: 39
 Number of Negative species 0
Number of realizations: 16008180
Sample: 40
 Number of Negative species 0
Number of realizations: 16008783
Sample: 41
 Number of Negative species 0
Number of realizations: 16009199
Sample: 42
 Number of Negative species 0
Number of realizations: 16008892
Sample: 43
 Number of Negative species 0
Number of realizations: 16010685
Sample: 44
 Number of Negative species 0
Number of realizations: 16008294
Sample: 45
 Number of Negative species 0
Number of realizations: 16009281
Sample: 46
 Number of Negative species 0
Number of realizations: 16008668
Sample: 47
 Number of Negative species 0
Number of realizations: 16009634
Sample: 48
 Number of Negative species 0
Number of realizations: 16010095
Sample: 49
 Number of Negative species 0
Number of realizations: 16008345
Sample: 50
 Number of Negative species 0
Number of realizations: 16009590
Sample: 51
 Number of Negative species 0
Number of realizations: 16008723
Sample: 52
 Number of Negative species 0
Number of realizations: 16009812
Sample: 53
 Number of Negative species 0
Number of realizations: 16007377
Sample: 54
 Number of Negative species 0
Number of realizations: 16007466
Sample: 55
 Number of Negative species 0
Number of realizations: 16009165
Sample: 56
 Number of Negative species 0
Number of realizations: 16008879
Sample: 57
 Number of Negative species 0
Number of realizations: 16007076
Sample: 58
 Number of Negative species 0
Number of realizations: 16007295
Sample: 59
 Number of Negative species 0
Number of realizations: 16007684
Sample: 60
 Number of Negative species 0
Number of realizations: 16008130
Sample: 61
 Number of Negative species 0
Number of realizations: 16006499
Sample: 62
 Number of Negative species 0
Number of realizations: 16007941
Sample: 63
 Number of Negative species 0
Number of realizations: 16007319
Sample: 64
 Number of Negative species 0
Number of realizations: 16009325
Sample: 65
 Number of Negative species 0
Number of realizations: 16008393
Sample: 66
 Number of Negative species 0
Number of realizations: 16007873
Sample: 67
 Number of Negative species 0
Number of realizations: 16009316
Sample: 68
 Number of Negative species 0
Number of realizations: 16009826
Sample: 69
 Number of Negative species 0
Number of realizations: 16008684
Sample: 70
 Number of Negative species 0
Number of realizations: 16007659
Sample: 71
 Number of Negative species 0
Number of realizations: 16009130
Sample: 72
 Number of Negative species 0
Number of realizations: 16007321
Sample: 73
 Number of Negative species 0
Number of realizations: 16007549
Sample: 74
 Number of Negative species 0
Number of realizations: 16009468
Sample: 75
 Number of Negative species 0
Number of realizations: 16009526
Sample: 76
 Number of Negative species 0
Number of realizations: 16009006
Sample: 77
 Number of Negative species 0
Number of realizations: 16007761
Sample: 78
 Number of Negative species 0
Number of realizations: 16009343
Sample: 79
 Number of Negative species 0
Number of realizations: 16007805
Sample: 80
 Number of Negative species 0
Number of realizations: 16010133
Sample: 81
 Number of Negative species 0
Number of realizations: 16007464
Sample: 82
 Number of Negative species 0
Number of realizations: 16009304
Sample: 83
 Number of Negative species 0
Number of realizations: 16009219
Sample: 84
 Number of Negative species 0
Number of realizations: 16008188
Sample: 85
 Number of Negative species 0
Number of realizations: 16008089
Sample: 86
 Number of Negative species 0
Number of realizations: 16008896
Sample: 87
 Number of Negative species 0
Number of realizations: 16009193
Sample: 88
 Number of Negative species 0
Number of realizations: 16008304
Sample: 89
 Number of Negative species 0
Number of realizations: 16008884
Sample: 90
 Number of Negative species 0
Number of realizations: 16009291
Sample: 91
 Number of Negative species 0
Number of realizations: 16007829
Sample: 92
 Number of Negative species 0
Number of realizations: 16008571
Sample: 93
 Number of Negative species 0
Number of realizations: 16007300
Sample: 94
 Number of Negative species 0
Number of realizations: 16009751
Sample: 95
 Number of Negative species 0
Number of realizations: 16008892
Sample: 96
 Number of Negative species 0
Number of realizations: 16008682
Sample: 97
 Number of Negative species 0
Number of realizations: 16009568
Sample: 98
 Number of Negative species 0
Number of realizations: 16006784
Sample: 99
 Number of Negative species 0
Number of realizations: 16009053
Sample: 100
 Number of Negative species 0
Number of realizations: 16009079
Sample: 101
 Number of Negative species 0
Number of realizations: 16009131
Sample: 102
 Number of Negative species 0
Number of realizations: 16009490
Sample: 103
 Number of Negative species 0
Number of realizations: 16010652
Sample: 104
 Number of Negative species 0
Number of realizations: 16007612
Sample: 105
 Number of Negative species 0
Number of realizations: 16009785
Sample: 106
 Number of Negative species 0
Number of realizations: 16008274
Sample: 107
 Number of Negative species 0
Number of realizations: 16008097
Sample: 108
 Number of Negative species 0
Number of realizations: 16008302
Sample: 109
 Number of Negative species 0
Number of realizations: 16008065
Sample: 110
 Number of Negative species 0
Number of realizations: 16007790
Sample: 111
 Number of Negative species 0
Number of realizations: 16008941
Sample: 112
 Number of Negative species 0
Number of realizations: 16009191
Sample: 113
 Number of Negative species 0
Number of realizations: 16008558
Sample: 114
 Number of Negative species 0
Number of realizations: 16009464
Sample: 115
 Number of Negative species 0
Number of realizations: 16008158
Sample: 116
 Number of Negative species 0
Number of realizations: 16008009
Sample: 117
 Number of Negative species 0
Number of realizations: 16006788
Sample: 118
 Number of Negative species 0
Number of realizations: 16008145
Sample: 119
 Number of Negative species 0
Number of realizations: 16008829
Sample: 120
 Number of Negative species 0
Number of realizations: 16009805
Sample: 121
 Number of Negative species 0
Number of realizations: 16009365
Sample: 122
 Number of Negative species 0
Number of realizations: 16008744
Sample: 123
 Number of Negative species 0
Number of realizations: 16007599
Sample: 124
 Number of Negative species 0
Number of realizations: 16008569
Sample: 125
 Number of Negative species 0
Number of realizations: 16009570
Sample: 126
 Number of Negative species 0
Number of realizations: 16009800
Sample: 127
 Number of Negative species 0
Number of realizations: 16007647
Sample: 128
 Number of Negative species 0
Number of realizations: 16008135
Sample: 129
 Number of Negative species 0
Number of realizations: 16008775
Sample: 130
 Number of Negative species 0
Number of realizations: 16009773
Sample: 131
 Number of Negative species 0
Number of realizations: 16009653
Sample: 132
 Number of Negative species 0
Number of realizations: 16007957
Sample: 133
 Number of Negative species 0
Number of realizations: 16009479
Sample: 134
 Number of Negative species 0
Number of realizations: 16008691
Sample: 135
 Number of Negative species 0
Number of realizations: 16008457
Sample: 136
 Number of Negative species 0
Number of realizations: 16009780
Sample: 137
 Number of Negative species 0
Number of realizations: 16007888
Sample: 138
 Number of Negative species 0
Number of realizations: 16009473
Sample: 139
 Number of Negative species 0
Number of realizations: 16009161
Sample: 140
 Number of Negative species 0
Number of realizations: 16009639
Sample: 141
 Number of Negative species 0
Number of realizations: 16009321
Sample: 142
 Number of Negative species 0
Number of realizations: 16008548
Sample: 143
 Number of Negative species 0
Number of realizations: 16008749
Sample: 144
 Number of Negative species 0
Number of realizations: 16010064
Sample: 145
 Number of Negative species 0
Number of realizations: 16008891
Sample: 146
 Number of Negative species 0
Number of realizations: 16008859
Sample: 147
 Number of Negative species 0
Number of realizations: 16009341
Sample: 148
 Number of Negative species 0
Number of realizations: 16007490
Sample: 149
 Number of Negative species 0
Number of realizations: 16009478
Sample: 150
 Number of Negative species 0
Number of realizations: 16009453
Sample: 151
 Number of Negative species 0
Number of realizations: 16008084
Sample: 152
 Number of Negative species 0
Number of realizations: 16007821
Sample: 153
 Number of Negative species 0
Number of realizations: 16009058
Sample: 154
 Number of Negative species 0
Number of realizations: 16009216
Sample: 155
 Number of Negative species 0
Number of realizations: 16010880
Sample: 156
 Number of Negative species 0
Number of realizations: 16010416
Sample: 157
 Number of Negative species 0
Number of realizations: 16007717
Sample: 158
 Number of Negative species 0
Number of realizations: 16007474
Sample: 159
 Number of Negative species 0
Number of realizations: 16007273
Sample: 160
 Number of Negative species 0
Number of realizations: 16008411
Sample: 161
 Number of Negative species 0
Number of realizations: 16009723
Sample: 162
 Number of Negative species 0
Number of realizations: 16010294
Sample: 163
 Number of Negative species 0
Number of realizations: 16008035
Sample: 164
 Number of Negative species 0
Number of realizations: 16009000
Sample: 165
 Number of Negative species 0
Number of realizations: 16009370
Sample: 166
 Number of Negative species 0
Number of realizations: 16007654
Sample: 167
 Number of Negative species 0
Number of realizations: 16007012
Sample: 168
 Number of Negative species 0
Number of realizations: 16009810
Sample: 169
 Number of Negative species 0
Number of realizations: 16007993
Sample: 170
 Number of Negative species 0
Number of realizations: 16009917
Sample: 171
 Number of Negative species 0
Number of realizations: 16008554
Sample: 172
 Number of Negative species 0
Number of realizations: 16009263
Sample: 173
 Number of Negative species 0
Number of realizations: 16008612
Sample: 174
 Number of Negative species 0
Number of realizations: 16008819
Sample: 175
 Number of Negative species 0
Number of realizations: 16008525
Sample: 176
 Number of Negative species 0
Number of realizations: 16008946
Sample: 177
 Number of Negative species 0
Number of realizations: 16007234
Sample: 178
 Number of Negative species 0
Number of realizations: 16008629
Sample: 179
 Number of Negative species 0
Number of realizations: 16007101
Sample: 180
 Number of Negative species 0
Number of realizations: 16008351
Sample: 181
 Number of Negative species 0
Number of realizations: 16008299
Sample: 182
 Number of Negative species 0
Number of realizations: 16009828
Sample: 183
 Number of Negative species 0
Number of realizations: 16007518
Sample: 184
 Number of Negative species 0
Number of realizations: 16008370
Sample: 185
 Number of Negative species 0
Number of realizations: 16009588
Sample: 186
 Number of Negative species 0
Number of realizations: 16007595
Sample: 187
 Number of Negative species 0
Number of realizations: 16008757
Sample: 188
 Number of Negative species 0
Number of realizations: 16008399
Sample: 189
 Number of Negative species 0
Number of realizations: 16007054
Sample: 190
 Number of Negative species 0
Number of realizations: 16008731
Sample: 191
 Number of Negative species 0
Number of realizations: 16009051
Sample: 192
 Number of Negative species 0
Number of realizations: 16009206
Sample: 193
 Number of Negative species 0
Number of realizations: 16008313
Sample: 194
 Number of Negative species 0
Number of realizations: 16010274
Sample: 195
 Number of Negative species 0
Number of realizations: 16008750
Sample: 196
 Number of Negative species 0
Number of realizations: 16009085
Sample: 197
 Number of Negative species 0
Number of realizations: 16008578
Sample: 198
 Number of Negative species 0
Number of realizations: 16009709
Sample: 199
 Number of Negative species 0
Number of realizations: 16009103
Sample: 200
 Number of Negative species 0
Number of realizations: 16011318
Sample: 201
 Number of Negative species 0
Number of realizations: 16008621
Sample: 202
 Number of Negative species 0
Number of realizations: 16009614
Sample: 203
 Number of Negative species 0
Number of realizations: 16009696
Sample: 204
 Number of Negative species 0
Number of realizations: 16008306
Sample: 205
 Number of Negative species 0
Number of realizations: 16009289
Sample: 206
 Number of Negative species 0
Number of realizations: 16007612
Sample: 207
 Number of Negative species 0
Number of realizations: 16009612
Sample: 208
 Number of Negative species 0
Number of realizations: 16009320
Sample: 209
 Number of Negative species 0
Number of realizations: 16009048
Sample: 210
 Number of Negative species 0
Number of realizations: 16009478
Sample: 211
 Number of Negative species 0
Number of realizations: 16007229
Sample: 212
 Number of Negative species 0
Number of realizations: 16008532
Sample: 213
 Number of Negative species 0
Number of realizations: 16008854
Sample: 214
 Number of Negative species 0
Number of realizations: 16008208
Sample: 215
 Number of Negative species 0
Number of realizations: 16008683
Sample: 216
 Number of Negative species 0
Number of realizations: 16009137
Sample: 217
 Number of Negative species 0
Number of realizations: 16007741
Sample: 218
 Number of Negative species 0
Number of realizations: 16009827
Sample: 219
 Number of Negative species 0
Number of realizations: 16007738
Sample: 220
 Number of Negative species 0
Number of realizations: 16007459
Sample: 221
 Number of Negative species 0
Number of realizations: 16007661
Sample: 222
 Number of Negative species 0
Number of realizations: 16009006
Sample: 223
 Number of Negative species 0
Number of realizations: 16010107
Sample: 224
 Number of Negative species 0
Number of realizations: 16008759
Sample: 225
 Number of Negative species 0
Number of realizations: 16009469
Sample: 226
 Number of Negative species 0
Number of realizations: 16007709
Sample: 227
 Number of Negative species 0
Number of realizations: 16009127
Sample: 228
 Number of Negative species 0
Number of realizations: 16009140
Sample: 229
 Number of Negative species 0
Number of realizations: 16008911
Sample: 230
 Number of Negative species 0
Number of realizations: 16008860
Sample: 231
 Number of Negative species 0
Number of realizations: 16008852
Sample: 232
 Number of Negative species 0
Number of realizations: 16008440
Sample: 233
 Number of Negative species 0
Number of realizations: 16009466
Sample: 234
 Number of Negative species 0
Number of realizations: 16008442
Sample: 235
 Number of Negative species 0
Number of realizations: 16009924
Sample: 236
 Number of Negative species 0
Number of realizations: 16007617
Sample: 237
 Number of Negative species 0
Number of realizations: 16009574
Sample: 238
 Number of Negative species 0
Number of realizations: 16009346
Sample: 239
 Number of Negative species 0
Number of realizations: 16008714
Sample: 240
 Number of Negative species 0
Number of realizations: 16008837
Sample: 241
 Number of Negative species 0
Number of realizations: 16008545
Sample: 242
 Number of Negative species 0
Number of realizations: 16006906
Sample: 243
 Number of Negative species 0
Number of realizations: 16009294
Sample: 244
 Number of Negative species 0
Number of realizations: 16008413
Sample: 245
 Number of Negative species 0
Number of realizations: 16008400
Sample: 246
 Number of Negative species 0
Number of realizations: 16008562
Sample: 247
 Number of Negative species 0
Number of realizations: 16008530
Sample: 248
 Number of Negative species 0
Number of realizations: 16008399
Sample: 249
 Number of Negative species 0
Number of realizations: 16007189
Sample: 250
 Number of Negative species 0
Number of realizations: 16008547
Sample: 251
 Number of Negative species 0
Number of realizations: 16008653
Sample: 252
 Number of Negative species 0
Number of realizations: 16009016
Sample: 253
 Number of Negative species 0
Number of realizations: 16009164
Sample: 254
 Number of Negative species 0
Number of realizations: 16008114
Sample: 255
 Number of Negative species 0
Number of realizations: 16008153
Sample: 256
 Number of Negative species 0
Number of realizations: 16007796
Sample: 257
 Number of Negative species 0
Number of realizations: 16009064
Sample: 258
 Number of Negative species 0
Number of realizations: 16008521
Sample: 259
 Number of Negative species 0
Number of realizations: 16007525
Sample: 260
 Number of Negative species 0
Number of realizations: 16008945
Sample: 261
 Number of Negative species 0
Number of realizations: 16008642
Sample: 262
 Number of Negative species 0
Number of realizations: 16009523
Sample: 263
 Number of Negative species 0
Number of realizations: 16010488
Sample: 264
 Number of Negative species 0
Number of realizations: 16009833
Sample: 265
 Number of Negative species 0
Number of realizations: 16009436
Sample: 266
 Number of Negative species 0
Number of realizations: 16009785
Sample: 267
 Number of Negative species 0
Number of realizations: 16009083
Sample: 268
 Number of Negative species 0
Number of realizations: 16008199
Sample: 269
 Number of Negative species 0
Number of realizations: 16008902
Sample: 270
 Number of Negative species 0
Number of realizations: 16008708
Sample: 271
 Number of Negative species 0
Number of realizations: 16008427
Sample: 272
 Number of Negative species 0
Number of realizations: 16009169
Sample: 273
 Number of Negative species 0
Number of realizations: 16008499
Sample: 274
 Number of Negative species 0
Number of realizations: 16008855
Sample: 275
 Number of Negative species 0
Number of realizations: 16009773
Sample: 276
 Number of Negative species 0
Number of realizations: 16008365
Sample: 277
 Number of Negative species 0
Number of realizations: 16009834
Sample: 278
 Number of Negative species 0
Number of realizations: 16008671
Sample: 279
 Number of Negative species 0
Number of realizations: 16009256
Sample: 280
 Number of Negative species 0
Number of realizations: 16008997
Sample: 281
 Number of Negative species 0
Number of realizations: 16008827
Sample: 282
 Number of Negative species 0
Number of realizations: 16009172
Sample: 283
 Number of Negative species 0
Number of realizations: 16009524
Sample: 284
 Number of Negative species 0
Number of realizations: 16009879
Sample: 285
 Number of Negative species 0
Number of realizations: 16009461
Sample: 286
 Number of Negative species 0
Number of realizations: 16008995
Sample: 287
 Number of Negative species 0
Number of realizations: 16007658
Sample: 288
 Number of Negative species 0
Number of realizations: 16009774
Sample: 289
 Number of Negative species 0
Number of realizations: 16008044
Sample: 290
 Number of Negative species 0
Number of realizations: 16009258
Sample: 291
 Number of Negative species 0
Number of realizations: 16008029
Sample: 292
 Number of Negative species 0
Number of realizations: 16010210
Sample: 293
 Number of Negative species 0
Number of realizations: 16009166
Sample: 294
 Number of Negative species 0
Number of realizations: 16009429
Sample: 295
 Number of Negative species 0
Number of realizations: 16009822
Sample: 296
 Number of Negative species 0
Number of realizations: 16009021
Sample: 297
 Number of Negative species 0
Number of realizations: 16010426
Sample: 298
 Number of Negative species 0
Number of realizations: 16010132
Sample: 299
 Number of Negative species 0
Number of realizations: 16008706
Sample: 300
 Number of Negative species 0
Number of realizations: 16009811
Sample: 301
 Number of Negative species 0
Number of realizations: 16007222
Sample: 302
 Number of Negative species 0
Number of realizations: 16008304
Sample: 303
 Number of Negative species 0
Number of realizations: 16009830
Sample: 304
 Number of Negative species 0
Number of realizations: 16008412
Sample: 305
 Number of Negative species 0
Number of realizations: 16008590
Sample: 306
 Number of Negative species 0
Number of realizations: 16008435
Sample: 307
 Number of Negative species 0
Number of realizations: 16007051
Sample: 308
 Number of Negative species 0
Number of realizations: 16009033
Sample: 309
 Number of Negative species 0
Number of realizations: 16010067
Sample: 310
 Number of Negative species 0
Number of realizations: 16009432
Sample: 311
 Number of Negative species 0
Number of realizations: 16009852
Sample: 312
 Number of Negative species 0
Number of realizations: 16008798
Sample: 313
 Number of Negative species 0
Number of realizations: 16008153
Sample: 314
 Number of Negative species 0
Number of realizations: 16008622
Sample: 315
 Number of Negative species 0
Number of realizations: 16007540
Sample: 316
 Number of Negative species 0
Number of realizations: 16008992
Sample: 317
 Number of Negative species 0
Number of realizations: 16008524
Sample: 318
 Number of Negative species 0
Number of realizations: 16009447
Sample: 319
 Number of Negative species 0
Number of realizations: 16008963
Sample: 320
 Number of Negative species 0
Number of realizations: 16005998
Sample: 321
 Number of Negative species 0
Number of realizations: 16009820
Sample: 322
 Number of Negative species 0
Number of realizations: 16007202
Sample: 323
 Number of Negative species 0
Number of realizations: 16007655
Sample: 324
 Number of Negative species 0
Number of realizations: 16008444
Sample: 325
 Number of Negative species 0
Number of realizations: 16009494
Sample: 326
 Number of Negative species 0
Number of realizations: 16008665
Sample: 327
 Number of Negative species 0
Number of realizations: 16008454
Sample: 328
 Number of Negative species 0
Number of realizations: 16008207
Sample: 329
 Number of Negative species 0
Number of realizations: 16008577
Sample: 330
 Number of Negative species 0
Number of realizations: 16007616
Sample: 331
 Number of Negative species 0
Number of realizations: 16009347
Sample: 332
 Number of Negative species 0
Number of realizations: 16008001
Sample: 333
 Number of Negative species 0
Number of realizations: 16008851
Sample: 334
 Number of Negative species 0
Number of realizations: 16008982
Sample: 335
 Number of Negative species 0
Number of realizations: 16009668
Sample: 336
 Number of Negative species 0
Number of realizations: 16008466
Sample: 337
 Number of Negative species 0
Number of realizations: 16007506
Sample: 338
 Number of Negative species 0
Number of realizations: 16009109
Sample: 339
 Number of Negative species 0
Number of realizations: 16007908
Sample: 340
 Number of Negative species 0
Number of realizations: 16008587
Sample: 341
 Number of Negative species 0
Number of realizations: 16008847
Sample: 342
 Number of Negative species 0
Number of realizations: 16007459
Sample: 343
 Number of Negative species 0
Number of realizations: 16007645
Sample: 344
 Number of Negative species 0
Number of realizations: 16009401
Sample: 345
 Number of Negative species 0
Number of realizations: 16008271
Sample: 346
 Number of Negative species 0
Number of realizations: 16008771
Sample: 347
 Number of Negative species 0
Number of realizations: 16008101
Sample: 348
 Number of Negative species 0
Number of realizations: 16007306
Sample: 349
 Number of Negative species 0
Number of realizations: 16008908
Sample: 350
 Number of Negative species 0
Number of realizations: 16009521
Sample: 351
 Number of Negative species 0
Number of realizations: 16006710
Sample: 352
 Number of Negative species 0
Number of realizations: 16006496
Sample: 353
 Number of Negative species 0
Number of realizations: 16008870
Sample: 354
 Number of Negative species 0
Number of realizations: 16009256
Sample: 355
 Number of Negative species 0
Number of realizations: 16007840
Sample: 356
 Number of Negative species 0
Number of realizations: 16008664
Sample: 357
 Number of Negative species 0
Number of realizations: 16009175
Sample: 358
 Number of Negative species 0
Number of realizations: 16008353
Sample: 359
 Number of Negative species 0
Number of realizations: 16008743
Sample: 360
 Number of Negative species 0
Number of realizations: 16008916
Sample: 361
 Number of Negative species 0
Number of realizations: 16009389
Sample: 362
 Number of Negative species 0
Number of realizations: 16009126
Sample: 363
 Number of Negative species 0
Number of realizations: 16009378
Sample: 364
 Number of Negative species 0
Number of realizations: 16007414
Sample: 365
 Number of Negative species 0
Number of realizations: 16007619
Sample: 366
 Number of Negative species 0
Number of realizations: 16010160
Sample: 367
 Number of Negative species 0
Number of realizations: 16007945
Sample: 368
 Number of Negative species 0
Number of realizations: 16008857
Sample: 369
 Number of Negative species 0
Number of realizations: 16009455
Sample: 370
 Number of Negative species 0
Number of realizations: 16008646
Sample: 371
 Number of Negative species 0
Number of realizations: 16008345
Sample: 372
 Number of Negative species 0
Number of realizations: 16008861
Sample: 373
 Number of Negative species 0
Number of realizations: 16007843
Sample: 374
 Number of Negative species 0
Number of realizations: 16008052
Sample: 375
 Number of Negative species 0
Number of realizations: 16008485
Sample: 376
 Number of Negative species 0
Number of realizations: 16009404
Sample: 377
 Number of Negative species 0
Number of realizations: 16009543
Sample: 378
 Number of Negative species 0
Number of realizations: 16007821
Sample: 379
 Number of Negative species 0
Number of realizations: 16007841
Sample: 380
 Number of Negative species 0
Number of realizations: 16006983
Sample: 381
 Number of Negative species 0
Number of realizations: 16008629
Sample: 382
 Number of Negative species 0
Number of realizations: 16008609
Sample: 383
 Number of Negative species 0
Number of realizations: 16010148
Sample: 384
 Number of Negative species 0
Number of realizations: 16007834
Sample: 385
 Number of Negative species 0
Number of realizations: 16008351
Sample: 386
 Number of Negative species 0
Number of realizations: 16007343
Sample: 387
 Number of Negative species 0
Number of realizations: 16008083
Sample: 388
 Number of Negative species 0
Number of realizations: 16009104
Sample: 389
 Number of Negative species 0
Number of realizations: 16007301
Sample: 390
 Number of Negative species 0
Number of realizations: 16008995
Sample: 391
 Number of Negative species 0
Number of realizations: 16008500
Sample: 392
 Number of Negative species 0
Number of realizations: 16009586
Sample: 393
 Number of Negative species 0
Number of realizations: 16008053
Sample: 394
 Number of Negative species 0
Number of realizations: 16007717
Sample: 395
 Number of Negative species 0
Number of realizations: 16009387
Sample: 396
 Number of Negative species 0
Number of realizations: 16008672
Sample: 397
 Number of Negative species 0
Number of realizations: 16008016
Sample: 398
 Number of Negative species 0
Number of realizations: 16007388
Sample: 399
 Number of Negative species 0
Number of realizations: 16009155
Sample: 400
 Number of Negative species 0
Number of realizations: 16008111
Sample: 401
 Number of Negative species 0
Number of realizations: 16008918
Sample: 402
 Number of Negative species 0
Number of realizations: 16008685
Sample: 403
 Number of Negative species 0
Number of realizations: 16009821
Sample: 404
 Number of Negative species 0
Number of realizations: 16007972
Sample: 405
 Number of Negative species 0
Number of realizations: 16009025
Sample: 406
 Number of Negative species 0
Number of realizations: 16010084
Sample: 407
 Number of Negative species 0
Number of realizations: 16009138
Sample: 408
 Number of Negative species 0
Number of realizations: 16008884
Sample: 409
 Number of Negative species 0
Number of realizations: 16008092
Sample: 410
 Number of Negative species 0
Number of realizations: 16008928
Sample: 411
 Number of Negative species 0
Number of realizations: 16008828
Sample: 412
 Number of Negative species 0
Number of realizations: 16007195
Sample: 413
 Number of Negative species 0
Number of realizations: 16008513
Sample: 414
 Number of Negative species 0
Number of realizations: 16009009
Sample: 415
 Number of Negative species 0
Number of realizations: 16009262
Sample: 416
 Number of Negative species 0
Number of realizations: 16009139
Sample: 417
 Number of Negative species 0
Number of realizations: 16009089
Sample: 418
 Number of Negative species 0
Number of realizations: 16008933
Sample: 419
 Number of Negative species 0
Number of realizations: 16007337
Sample: 420
 Number of Negative species 0
Number of realizations: 16008108
Sample: 421
 Number of Negative species 0
Number of realizations: 16010029
Sample: 422
 Number of Negative species 0
Number of realizations: 16009051
Sample: 423
 Number of Negative species 0
Number of realizations: 16007586
Sample: 424
 Number of Negative species 0
Number of realizations: 16008631
Sample: 425
 Number of Negative species 0
Number of realizations: 16008290
Sample: 426
 Number of Negative species 0
Number of realizations: 16008347
Sample: 427
 Number of Negative species 0
Number of realizations: 16008570
Sample: 428
 Number of Negative species 0
Number of realizations: 16008104
Sample: 429
 Number of Negative species 0
Number of realizations: 16008742
Sample: 430
 Number of Negative species 0
Number of realizations: 16009489
Sample: 431
 Number of Negative species 0
Number of realizations: 16006557
Sample: 432
 Number of Negative species 0
Number of realizations: 16008716
Sample: 433
 Number of Negative species 0
Number of realizations: 16008085
Sample: 434
 Number of Negative species 0
Number of realizations: 16007615
Sample: 435
 Number of Negative species 0
Number of realizations: 16008683
Sample: 436
 Number of Negative species 0
Number of realizations: 16009634
Sample: 437
 Number of Negative species 0
Number of realizations: 16007642
Sample: 438
 Number of Negative species 0
Number of realizations: 16009216
Sample: 439
 Number of Negative species 0
Number of realizations: 16008430
Sample: 440
 Number of Negative species 0
Number of realizations: 16009713
Sample: 441
 Number of Negative species 0
Number of realizations: 16008538
Sample: 442
 Number of Negative species 0
Number of realizations: 16008182
Sample: 443
 Number of Negative species 0
Number of realizations: 16008421
Sample: 444
 Number of Negative species 0
Number of realizations: 16009398
Sample: 445
 Number of Negative species 0
Number of realizations: 16009603
Sample: 446
 Number of Negative species 0
Number of realizations: 16008032
Sample: 447
 Number of Negative species 0
Number of realizations: 16009367
Sample: 448
 Number of Negative species 0
Number of realizations: 16008858
Sample: 449
 Number of Negative species 0
Number of realizations: 16008895
Sample: 450
 Number of Negative species 0
Number of realizations: 16007381
Sample: 451
 Number of Negative species 0
Number of realizations: 16008031
Sample: 452
 Number of Negative species 0
Number of realizations: 16008441
Sample: 453
 Number of Negative species 0
Number of realizations: 16008036
Sample: 454
 Number of Negative species 0
Number of realizations: 16007668
Sample: 455
 Number of Negative species 0
Number of realizations: 16009203
Sample: 456
 Number of Negative species 0
Number of realizations: 16008150
Sample: 457
 Number of Negative species 0
Number of realizations: 16008326
Sample: 458
 Number of Negative species 0
Number of realizations: 16008044
Sample: 459
 Number of Negative species 0
Number of realizations: 16009599
Sample: 460
 Number of Negative species 0
Number of realizations: 16009098
Sample: 461
 Number of Negative species 0
Number of realizations: 16008001
Sample: 462
 Number of Negative species 0
Number of realizations: 16007736
Sample: 463
 Number of Negative species 0
Number of realizations: 16007759
Sample: 464
 Number of Negative species 0
Number of realizations: 16008990
Sample: 465
 Number of Negative species 0
Number of realizations: 16009011
Sample: 466
 Number of Negative species 0
Number of realizations: 16008442
Sample: 467
 Number of Negative species 0
Number of realizations: 16008470
Sample: 468
 Number of Negative species 0
Number of realizations: 16007961
Sample: 469
 Number of Negative species 0
Number of realizations: 16009679
Sample: 470
 Number of Negative species 0
Number of realizations: 16008807
Sample: 471
 Number of Negative species 0
Number of realizations: 16010092
Sample: 472
 Number of Negative species 0
Number of realizations: 16010105
Sample: 473
 Number of Negative species 0
Number of realizations: 16008862
Sample: 474
 Number of Negative species 0
Number of realizations: 16009878
Sample: 475
 Number of Negative species 0
Number of realizations: 16010426
Sample: 476
 Number of Negative species 0
Number of realizations: 16008228
Sample: 477
 Number of Negative species 0
Number of realizations: 16007912
Sample: 478
 Number of Negative species 0
Number of realizations: 16009993
Sample: 479
 Number of Negative species 0
Number of realizations: 16009060
Sample: 480
 Number of Negative species 0
Number of realizations: 16007353
Sample: 481
 Number of Negative species 0
Number of realizations: 16008420
Sample: 482
 Number of Negative species 0
Number of realizations: 16010067
Sample: 483
 Number of Negative species 0
Number of realizations: 16008194
Sample: 484
 Number of Negative species 0
Number of realizations: 16008109
Sample: 485
 Number of Negative species 0
Number of realizations: 16007382
Sample: 486
 Number of Negative species 0
Number of realizations: 16009315
Sample: 487
 Number of Negative species 0
Number of realizations: 16008107
Sample: 488
 Number of Negative species 0
Number of realizations: 16010405
Sample: 489
 Number of Negative species 0
Number of realizations: 16009695
Sample: 490
 Number of Negative species 0
Number of realizations: 16008439
Sample: 491
 Number of Negative species 0
Number of realizations: 16008606
Sample: 492
 Number of Negative species 0
Number of realizations: 16009160
Sample: 493
 Number of Negative species 0
Number of realizations: 16008894
Sample: 494
 Number of Negative species 0
Number of realizations: 16008782
Sample: 495
 Number of Negative species 0
Number of realizations: 16007728
Sample: 496
 Number of Negative species 0
Number of realizations: 16008498
Sample: 497
 Number of Negative species 0
Number of realizations: 16009392
Sample: 498
 Number of Negative species 0
Number of realizations: 16009614
Sample: 499
 Number of Negative species 0
Number of realizations: 16008827
Sample: 500
 Number of Negative species 0
Number of realizations: 16008860
Sample: 501
 Number of Negative species 0
Number of realizations: 16009350
Sample: 502
 Number of Negative species 0
Number of realizations: 16007605
Sample: 503
 Number of Negative species 0
Number of realizations: 16009100
Sample: 504
 Number of Negative species 0
Number of realizations: 16008366
Sample: 505
 Number of Negative species 0
Number of realizations: 16008749
Sample: 506
 Number of Negative species 0
Number of realizations: 16008376
Sample: 507
 Number of Negative species 0
Number of realizations: 16009096
Sample: 508
 Number of Negative species 0
Number of realizations: 16009272
Sample: 509
 Number of Negative species 0
Number of realizations: 16009203
Sample: 510
 Number of Negative species 0
Number of realizations: 16007461
Sample: 511
 Number of Negative species 0
Number of realizations: 16007922
Sample: 512
 Number of Negative species 0
Number of realizations: 16007791
Sample: 513
 Number of Negative species 0
Number of realizations: 16008958
Sample: 514
 Number of Negative species 0
Number of realizations: 16007170
Sample: 515
 Number of Negative species 0
Number of realizations: 16009235
Sample: 516
 Number of Negative species 0
Number of realizations: 16007574
Sample: 517
 Number of Negative species 0
Number of realizations: 16009996
Sample: 518
 Number of Negative species 0
Number of realizations: 16008048
Sample: 519
 Number of Negative species 0
Number of realizations: 16009872
Sample: 520
 Number of Negative species 0
Number of realizations: 16009013
Sample: 521
 Number of Negative species 0
Number of realizations: 16009230
Sample: 522
 Number of Negative species 0
Number of realizations: 16008527
Sample: 523
 Number of Negative species 0
Number of realizations: 16006553
Sample: 524
 Number of Negative species 0
Number of realizations: 16008687
Sample: 525
 Number of Negative species 0
Number of realizations: 16007077
Sample: 526
 Number of Negative species 0
Number of realizations: 16008063
Sample: 527
 Number of Negative species 0
Number of realizations: 16009222
Sample: 528
 Number of Negative species 0
Number of realizations: 16007887
Sample: 529
 Number of Negative species 0
Number of realizations: 16008788
Sample: 530
 Number of Negative species 0
Number of realizations: 16008183
Sample: 531
 Number of Negative species 0
Number of realizations: 16010006
Sample: 532
 Number of Negative species 0
Number of realizations: 16007480
Sample: 533
 Number of Negative species 0
Number of realizations: 16007846
Sample: 534
 Number of Negative species 0
Number of realizations: 16006433
Sample: 535
 Number of Negative species 0
Number of realizations: 16008428
Sample: 536
 Number of Negative species 0
Number of realizations: 16009488
Sample: 537
 Number of Negative species 0
Number of realizations: 16009695
Sample: 538
 Number of Negative species 0
Number of realizations: 16009096
Sample: 539
 Number of Negative species 0
Number of realizations: 16008279
Sample: 540
 Number of Negative species 0
Number of realizations: 16009009
Sample: 541
 Number of Negative species 0
Number of realizations: 16008589
Sample: 542
 Number of Negative species 0
Number of realizations: 16008105
Sample: 543
 Number of Negative species 0
Number of realizations: 16008371
Sample: 544
 Number of Negative species 0
Number of realizations: 16009214
Sample: 545
 Number of Negative species 0
Number of realizations: 16008425
Sample: 546
 Number of Negative species 0
Number of realizations: 16008417
Sample: 547
 Number of Negative species 0
Number of realizations: 16009000
Sample: 548
 Number of Negative species 0
Number of realizations: 16008502
Sample: 549
 Number of Negative species 0
Number of realizations: 16008750
Sample: 550
 Number of Negative species 0
Number of realizations: 16007280
Sample: 551
 Number of Negative species 0
Number of realizations: 16008861
Sample: 552
 Number of Negative species 0
Number of realizations: 16007591
Sample: 553
 Number of Negative species 0
Number of realizations: 16009191
Sample: 554
 Number of Negative species 0
Number of realizations: 16007487
Sample: 555
 Number of Negative species 0
Number of realizations: 16007954
Sample: 556
 Number of Negative species 0
Number of realizations: 16007306
Sample: 557
 Number of Negative species 0
Number of realizations: 16008193
Sample: 558
 Number of Negative species 0
Number of realizations: 16008277
Sample: 559
 Number of Negative species 0
Number of realizations: 16008103
Sample: 560
 Number of Negative species 0
Number of realizations: 16009928
Sample: 561
 Number of Negative species 0
Number of realizations: 16008418
Sample: 562
 Number of Negative species 0
Number of realizations: 16008286
Sample: 563
 Number of Negative species 0
Number of realizations: 16007903
Sample: 564
 Number of Negative species 0
Number of realizations: 16008626
Sample: 565
 Number of Negative species 0
Number of realizations: 16010104
Sample: 566
 Number of Negative species 0
Number of realizations: 16008714
Sample: 567
 Number of Negative species 0
Number of realizations: 16008634
Sample: 568
 Number of Negative species 0
Number of realizations: 16008853
Sample: 569
 Number of Negative species 0
Number of realizations: 16009089
Sample: 570
 Number of Negative species 0
Number of realizations: 16008108
Sample: 571
 Number of Negative species 0
Number of realizations: 16008679
Sample: 572
 Number of Negative species 0
Number of realizations: 16009216
Sample: 573
 Number of Negative species 0
Number of realizations: 16008732
Sample: 574
 Number of Negative species 0
Number of realizations: 16008587
Sample: 575
 Number of Negative species 0
Number of realizations: 16009307
Sample: 576
 Number of Negative species 0
Number of realizations: 16008654
Sample: 577
 Number of Negative species 0
Number of realizations: 16008521
Sample: 578
 Number of Negative species 0
Number of realizations: 16008791
Sample: 579
 Number of Negative species 0
Number of realizations: 16009673
Sample: 580
 Number of Negative species 0
Number of realizations: 16007982
Sample: 581
 Number of Negative species 0
Number of realizations: 16009121
Sample: 582
 Number of Negative species 0
Number of realizations: 16008845
Sample: 583
 Number of Negative species 0
Number of realizations: 16008594
Sample: 584
 Number of Negative species 0
Number of realizations: 16009695
Sample: 585
 Number of Negative species 0
Number of realizations: 16010063
Sample: 586
 Number of Negative species 0
Number of realizations: 16008514
Sample: 587
 Number of Negative species 0
Number of realizations: 16009104
Sample: 588
 Number of Negative species 0
Number of realizations: 16008853
Sample: 589
 Number of Negative species 0
Number of realizations: 16010010
Sample: 590
 Number of Negative species 0
Number of realizations: 16008860
Sample: 591
 Number of Negative species 0
Number of realizations: 16009077
Sample: 592
 Number of Negative species 0
Number of realizations: 16009009
Sample: 593
 Number of Negative species 0
Number of realizations: 16008985
Sample: 594
 Number of Negative species 0
Number of realizations: 16009404
Sample: 595
 Number of Negative species 0
Number of realizations: 16008642
Sample: 596
 Number of Negative species 0
Number of realizations: 16008779
Sample: 597
 Number of Negative species 0
Number of realizations: 16008250
Sample: 598
 Number of Negative species 0
Number of realizations: 16008319
Sample: 599
 Number of Negative species 0
Number of realizations: 16009268
Sample: 600
 Number of Negative species 0
Number of realizations: 16009126
Sample: 601
 Number of Negative species 0
Number of realizations: 16007517
Sample: 602
 Number of Negative species 0
Number of realizations: 16009525
Sample: 603
 Number of Negative species 0
Number of realizations: 16008953
Sample: 604
 Number of Negative species 0
Number of realizations: 16008807
Sample: 605
 Number of Negative species 0
Number of realizations: 16006899
Sample: 606
 Number of Negative species 0
Number of realizations: 16009019
Sample: 607
 Number of Negative species 0
Number of realizations: 16007994
Sample: 608
 Number of Negative species 0
Number of realizations: 16008114
Sample: 609
 Number of Negative species 0
Number of realizations: 16008245
Sample: 610
 Number of Negative species 0
Number of realizations: 16009259
Sample: 611
 Number of Negative species 0
Number of realizations: 16008906
Sample: 612
 Number of Negative species 0
Number of realizations: 16009499
Sample: 613
 Number of Negative species 0
Number of realizations: 16008082
Sample: 614
 Number of Negative species 0
Number of realizations: 16008317
Sample: 615
 Number of Negative species 0
Number of realizations: 16007880
Sample: 616
 Number of Negative species 0
Number of realizations: 16008423
Sample: 617
 Number of Negative species 0
Number of realizations: 16007056
Sample: 618
 Number of Negative species 0
Number of realizations: 16009569
Sample: 619
 Number of Negative species 0
Number of realizations: 16009903
Sample: 620
 Number of Negative species 0
Number of realizations: 16008204
Sample: 621
 Number of Negative species 0
Number of realizations: 16010058
Sample: 622
 Number of Negative species 0
Number of realizations: 16009729
Sample: 623
 Number of Negative species 0
Number of realizations: 16009139
Sample: 624
 Number of Negative species 0
Number of realizations: 16009241
Sample: 625
 Number of Negative species 0
Number of realizations: 16008081
Sample: 626
 Number of Negative species 0
Number of realizations: 16007621
Sample: 627
 Number of Negative species 0
Number of realizations: 16009083
Sample: 628
 Number of Negative species 0
Number of realizations: 16009816
Sample: 629
 Number of Negative species 0
Number of realizations: 16007256
Sample: 630
 Number of Negative species 0
Number of realizations: 16008334
Sample: 631
 Number of Negative species 0
Number of realizations: 16009910
Sample: 632
 Number of Negative species 0
Number of realizations: 16009634
Sample: 633
 Number of Negative species 0
Number of realizations: 16008396
Sample: 634
 Number of Negative species 0
Number of realizations: 16008812
Sample: 635
 Number of Negative species 0
Number of realizations: 16010045
Sample: 636
 Number of Negative species 0
Number of realizations: 16008752
