python/anaconda (WARNING):
    Loading this module causes the environment generated by other
    modules to become inconsistent, because Anaconda employs its
    own development environment. This in particular concerns the
    compiler (gcc) and MPI settings, but also other tools, which 
    may cease working correctly.
In the directory: /home/hpc/txh01/di49zin/SSM/SSM/Simulations/Dimerization/Stiff/AdaptiveTauLeaping/eps_0.01
Running program on  nodes, with 28 cores on node, each with 28 cores.
line 8: (10310 [Error]) The syntax of 'id' attribute values must conform to the syntax of the SBML type 'SId'.

Adaptive Tau Leaping...
		Saving data at time t = 0
		Saving data at time t = 0.4
		Saving data at time t = 0.800001
		Saving data at time t = 1.2
		Saving data at time t = 1.6
		Saving data at time t = 2
		Saving data at time t = 2.4
		Saving data at time t = 2.8
		Saving data at time t = 3.2
		Saving data at time t = 3.6
		Saving data at time t = 4
		Saving data at time t = 4.4
		Saving data at time t = 4.8
		Saving data at time t = 5.2
		Saving data at time t = 5.6
		Saving data at time t = 6
		Saving data at time t = 6.4
		Saving data at time t = 6.8
		Saving data at time t = 7.2
		Saving data at time t = 7.6
		Saving data at time t = 8
		Saving data at time t = 8.4
		Saving data at time t = 8.8
		Saving data at time t = 9.2
		Saving data at time t = 9.6
		Saving data at time t = 10
Sample: 0
 Number of Negative species 0
Sample: 1
 Number of Negative species 0
Sample: 2
 Number of Negative species 0
Sample: 3
 Number of Negative species 0
Sample: 4
 Number of Negative species 0
Sample: 5
 Number of Negative species 0
Sample: 6
 Number of Negative species 0
Sample: 7
 Number of Negative species 0
Sample: 8
 Number of Negative species 0
Sample: 9
 Number of Negative species 0
Sample: 10
 Number of Negative species 0
Sample: 11
 Number of Negative species 0
Sample: 12
 Number of Negative species 0
Sample: 13
 Number of Negative species 0
Sample: 14
 Number of Negative species 0
Sample: 15
 Number of Negative species 0
Sample: 16
 Number of Negative species 0
Sample: 17
 Number of Negative species 0
Sample: 18
 Number of Negative species 0
Sample: 19
 Number of Negative species 0
Sample: 20
 Number of Negative species 0
Sample: 21
 Number of Negative species 0
Sample: 22
 Number of Negative species 0
Sample: 23
 Number of Negative species 0
Sample: 24
 Number of Negative species 0
Sample: 25
 Number of Negative species 0
Sample: 26
 Number of Negative species 0
Sample: 27
 Number of Negative species 0
Sample: 28
 Number of Negative species 0
Sample: 29
 Number of Negative species 0
Sample: 30
 Number of Negative species 0
Sample: 31
 Number of Negative species 0
Sample: 32
 Number of Negative species 0
Sample: 33
 Number of Negative species 0
Sample: 34
 Number of Negative species 0
Sample: 35
 Number of Negative species 0
Sample: 36
 Number of Negative species 0
Sample: 37
 Number of Negative species 0
Sample: 38
 Number of Negative species 0
Sample: 39
 Number of Negative species 0
Sample: 40
 Number of Negative species 0
Sample: 41
 Number of Negative species 0
Sample: 42
 Number of Negative species 0
Sample: 43
 Number of Negative species 0
Sample: 44
 Number of Negative species 0
Sample: 45
 Number of Negative species 0
Sample: 46
 Number of Negative species 0
Sample: 47
 Number of Negative species 0
Sample: 48
 Number of Negative species 0
Sample: 49
 Number of Negative species 0
Sample: 50
 Number of Negative species 0
Sample: 51
 Number of Negative species 0
Sample: 52
 Number of Negative species 0
Sample: 53
 Number of Negative species 0
Sample: 54
 Number of Negative species 0
Sample: 55
 Number of Negative species 0
Sample: 56
 Number of Negative species 0
Sample: 57
 Number of Negative species 0
Sample: 58
 Number of Negative species 0
Sample: 59
 Number of Negative species 0
Sample: 60
 Number of Negative species 0
Sample: 61
 Number of Negative species 0
Sample: 62
 Number of Negative species 0
Sample: 63
 Number of Negative species 0
Sample: 64
 Number of Negative species 0
Sample: 65
 Number of Negative species 0
Sample: 66
 Number of Negative species 0
Sample: 67
 Number of Negative species 0
Sample: 68
 Number of Negative species 0
Sample: 69
 Number of Negative species 0
Sample: 70
 Number of Negative species 0
Sample: 71
 Number of Negative species 0
Sample: 72
 Number of Negative species 0
Sample: 73
 Number of Negative species 0
Sample: 74
 Number of Negative species 0
Sample: 75
 Number of Negative species 0
Sample: 76
 Number of Negative species 0
Sample: 77
 Number of Negative species 0
Sample: 78
 Number of Negative species 0
Sample: 79
 Number of Negative species 0
Sample: 80
 Number of Negative species 0
Sample: 81
 Number of Negative species 0
Sample: 82
 Number of Negative species 0
Sample: 83
 Number of Negative species 0
Sample: 84
 Number of Negative species 0
Sample: 85
 Number of Negative species 0
Sample: 86
 Number of Negative species 0
Sample: 87
 Number of Negative species 0
Sample: 88
 Number of Negative species 0
Sample: 89
 Number of Negative species 0
Sample: 90
 Number of Negative species 0
Sample: 91
 Number of Negative species 0
Sample: 92
 Number of Negative species 0
Sample: 93
 Number of Negative species 0
Sample: 94
 Number of Negative species 0
Sample: 95
 Number of Negative species 0
Sample: 96
 Number of Negative species 0
Sample: 97
 Number of Negative species 0
Sample: 98
 Number of Negative species 0
Sample: 99
 Number of Negative species 0
Sample: 100
 Number of Negative species 0
Sample: 101
 Number of Negative species 0
Sample: 102
 Number of Negative species 0
Sample: 103
 Number of Negative species 0
Sample: 104
 Number of Negative species 0
Sample: 105
 Number of Negative species 0
Sample: 106
 Number of Negative species 0
Sample: 107
 Number of Negative species 0
Sample: 108
 Number of Negative species 0
Sample: 109
 Number of Negative species 0
Sample: 110
 Number of Negative species 0
Sample: 111
 Number of Negative species 0
Sample: 112
 Number of Negative species 0
Sample: 113
 Number of Negative species 0
Sample: 114
 Number of Negative species 0
Sample: 115
 Number of Negative species 0
Sample: 116
 Number of Negative species 0
Sample: 117
 Number of Negative species 0
Sample: 118
 Number of Negative species 0
Sample: 119
 Number of Negative species 0
Sample: 120
 Number of Negative species 0
Sample: 121
 Number of Negative species 0
Sample: 122
 Number of Negative species 0
Sample: 123
 Number of Negative species 0
Sample: 124
 Number of Negative species 0
Sample: 125
 Number of Negative species 0
Sample: 126
 Number of Negative species 0
Sample: 127
 Number of Negative species 0
Sample: 128
 Number of Negative species 0
Sample: 129
 Number of Negative species 0
Sample: 130
 Number of Negative species 0
Sample: 131
 Number of Negative species 0
Sample: 132
 Number of Negative species 0
Sample: 133
 Number of Negative species 0
Sample: 134
 Number of Negative species 0
Sample: 135
 Number of Negative species 0
Sample: 136
 Number of Negative species 0
Sample: 137
 Number of Negative species 0
Sample: 138
 Number of Negative species 0
Sample: 139
 Number of Negative species 0
Sample: 140
 Number of Negative species 0
Sample: 141
 Number of Negative species 0
Sample: 142
 Number of Negative species 0
Sample: 143
 Number of Negative species 0
Sample: 144
 Number of Negative species 0
Sample: 145
 Number of Negative species 0
Sample: 146
 Number of Negative species 0
Sample: 147
 Number of Negative species 0
Sample: 148
 Number of Negative species 0
Sample: 149
 Number of Negative species 0
Sample: 150
 Number of Negative species 0
Sample: 151
 Number of Negative species 0
Sample: 152
 Number of Negative species 0
Sample: 153
 Number of Negative species 0
Sample: 154
 Number of Negative species 0
Sample: 155
 Number of Negative species 0
Sample: 156
 Number of Negative species 0
Sample: 157
 Number of Negative species 0
Sample: 158
 Number of Negative species 0
Sample: 159
 Number of Negative species 0
Sample: 160
 Number of Negative species 0
Sample: 161
 Number of Negative species 0
Sample: 162
 Number of Negative species 0
Sample: 163
 Number of Negative species 0
Sample: 164
 Number of Negative species 0
Sample: 165
 Number of Negative species 0
Sample: 166
 Number of Negative species 0
Sample: 167
 Number of Negative species 0
Sample: 168
 Number of Negative species 0
Sample: 169
 Number of Negative species 0
Sample: 170
 Number of Negative species 0
Sample: 171
 Number of Negative species 0
Sample: 172
 Number of Negative species 0
Sample: 173
 Number of Negative species 0
Sample: 174
 Number of Negative species 0
Sample: 175
 Number of Negative species 0
Sample: 176
 Number of Negative species 0
Sample: 177
 Number of Negative species 0
Sample: 178
 Number of Negative species 0
Sample: 179
 Number of Negative species 0
Sample: 180
 Number of Negative species 0
Sample: 181
 Number of Negative species 0
Sample: 182
 Number of Negative species 0
Sample: 183
 Number of Negative species 0
Sample: 184
 Number of Negative species 0
Sample: 185
 Number of Negative species 0
Sample: 186
 Number of Negative species 0
Sample: 187
 Number of Negative species 0
Sample: 188
 Number of Negative species 0
Sample: 189
 Number of Negative species 0
Sample: 190
 Number of Negative species 0
Sample: 191
 Number of Negative species 0
Sample: 192
 Number of Negative species 0
Sample: 193
 Number of Negative species 0
Sample: 194
 Number of Negative species 0
Sample: 195
 Number of Negative species 0
Sample: 196
 Number of Negative species 0
Sample: 197
 Number of Negative species 0
Sample: 198
 Number of Negative species 0
Sample: 199
 Number of Negative species 0
Sample: 200
 Number of Negative species 0
Sample: 201
 Number of Negative species 0
Sample: 202
 Number of Negative species 0
Sample: 203
 Number of Negative species 0
Sample: 204
 Number of Negative species 0
Sample: 205
 Number of Negative species 0
Sample: 206
 Number of Negative species 0
Sample: 207
 Number of Negative species 0
Sample: 208
 Number of Negative species 0
Sample: 209
 Number of Negative species 0
Sample: 210
 Number of Negative species 0
Sample: 211
 Number of Negative species 0
Sample: 212
 Number of Negative species 0
Sample: 213
 Number of Negative species 0
Sample: 214
 Number of Negative species 0
Sample: 215
 Number of Negative species 0
Sample: 216
 Number of Negative species 0
Sample: 217
 Number of Negative species 0
Sample: 218
 Number of Negative species 0
Sample: 219
 Number of Negative species 0
Sample: 220
 Number of Negative species 0
Sample: 221
 Number of Negative species 0
Sample: 222
 Number of Negative species 0
Sample: 223
 Number of Negative species 0
Sample: 224
 Number of Negative species 0
Sample: 225
 Number of Negative species 0
Sample: 226
 Number of Negative species 0
Sample: 227
 Number of Negative species 0
Sample: 228
 Number of Negative species 0
Sample: 229
 Number of Negative species 0
Sample: 230
 Number of Negative species 0
Sample: 231
 Number of Negative species 0
Sample: 232
 Number of Negative species 0
Sample: 233
 Number of Negative species 0
Sample: 234
 Number of Negative species 0
Sample: 235
 Number of Negative species 0
Sample: 236
 Number of Negative species 0
Sample: 237
 Number of Negative species 0
Sample: 238
 Number of Negative species 0
Sample: 239
 Number of Negative species 0
Sample: 240
 Number of Negative species 0
Sample: 241
 Number of Negative species 0
Sample: 242
 Number of Negative species 0
Sample: 243
 Number of Negative species 0
Sample: 244
 Number of Negative species 0
Sample: 245
 Number of Negative species 0
Sample: 246
 Number of Negative species 0
Sample: 247
 Number of Negative species 0
Sample: 248
 Number of Negative species 0
Sample: 249
 Number of Negative species 0
Sample: 250
 Number of Negative species 0
Sample: 251
 Number of Negative species 0
Sample: 252
 Number of Negative species 0
Sample: 253
 Number of Negative species 0
Sample: 254
 Number of Negative species 0
Sample: 255
 Number of Negative species 0
Sample: 256
 Number of Negative species 0
Sample: 257
 Number of Negative species 0
Sample: 258
 Number of Negative species 0
Sample: 259
 Number of Negative species 0
Sample: 260
 Number of Negative species 0
Sample: 261
 Number of Negative species 0
Sample: 262
 Number of Negative species 0
Sample: 263
 Number of Negative species 0
Sample: 264
 Number of Negative species 0
Sample: 265
 Number of Negative species 0
Sample: 266
 Number of Negative species 0
Sample: 267
 Number of Negative species 0
Sample: 268
 Number of Negative species 0
Sample: 269
 Number of Negative species 0
Sample: 270
 Number of Negative species 0
Sample: 271
 Number of Negative species 0
Sample: 272
 Number of Negative species 0
Sample: 273
 Number of Negative species 0
Sample: 274
 Number of Negative species 0
Sample: 275
 Number of Negative species 0
Sample: 276
 Number of Negative species 0
Sample: 277
 Number of Negative species 0
Sample: 278
 Number of Negative species 0
Sample: 279
 Number of Negative species 0
Sample: 280
 Number of Negative species 0
Sample: 281
 Number of Negative species 0
Sample: 282
 Number of Negative species 0
Sample: 283
 Number of Negative species 0
Sample: 284
 Number of Negative species 0
Sample: 285
 Number of Negative species 0
Sample: 286
 Number of Negative species 0
Sample: 287
 Number of Negative species 0
Sample: 288
 Number of Negative species 0
Sample: 289
 Number of Negative species 0
Sample: 290
 Number of Negative species 0
Sample: 291
 Number of Negative species 0
Sample: 292
 Number of Negative species 0
Sample: 293
 Number of Negative species 0
Sample: 294
 Number of Negative species 0
Sample: 295
 Number of Negative species 0
Sample: 296
 Number of Negative species 0
Sample: 297
 Number of Negative species 0
Sample: 298
 Number of Negative species 0
Sample: 299
 Number of Negative species 0
Sample: 300
 Number of Negative species 0
Sample: 301
 Number of Negative species 0
Sample: 302
 Number of Negative species 0
Sample: 303
 Number of Negative species 0
Sample: 304
 Number of Negative species 0
Sample: 305
 Number of Negative species 0
Sample: 306
 Number of Negative species 0
Sample: 307
 Number of Negative species 0
Sample: 308
 Number of Negative species 0
Sample: 309
 Number of Negative species 0
Sample: 310
 Number of Negative species 0
Sample: 311
 Number of Negative species 0
Sample: 312
 Number of Negative species 0
Sample: 313
 Number of Negative species 0
Sample: 314
 Number of Negative species 0
Sample: 315
 Number of Negative species 0
Sample: 316
 Number of Negative species 0
Sample: 317
 Number of Negative species 0
Sample: 318
 Number of Negative species 0
Sample: 319
 Number of Negative species 0
Sample: 320
 Number of Negative species 0
Sample: 321
 Number of Negative species 0
Sample: 322
 Number of Negative species 0
Sample: 323
 Number of Negative species 0
Sample: 324
 Number of Negative species 0
Sample: 325
 Number of Negative species 0
Sample: 326
 Number of Negative species 0
Sample: 327
 Number of Negative species 0
Sample: 328
 Number of Negative species 0
Sample: 329
 Number of Negative species 0
Sample: 330
 Number of Negative species 0
Sample: 331
 Number of Negative species 0
Sample: 332
 Number of Negative species 0
Sample: 333
 Number of Negative species 0
Sample: 334
 Number of Negative species 0
Sample: 335
 Number of Negative species 0
Sample: 336
 Number of Negative species 0
Sample: 337
 Number of Negative species 0
Sample: 338
 Number of Negative species 0
Sample: 339
 Number of Negative species 0
Sample: 340
 Number of Negative species 0
Sample: 341
 Number of Negative species 0
Sample: 342
 Number of Negative species 0
Sample: 343
 Number of Negative species 0
Sample: 344
 Number of Negative species 0
Sample: 345
 Number of Negative species 0
Sample: 346
 Number of Negative species 0
Sample: 347
 Number of Negative species 0
Sample: 348
 Number of Negative species 0
Sample: 349
 Number of Negative species 0
Sample: 350
 Number of Negative species 0
Sample: 351
 Number of Negative species 0
Sample: 352
 Number of Negative species 0
Sample: 353
 Number of Negative species 0
Sample: 354
 Number of Negative species 0
Sample: 355
 Number of Negative species 0
Sample: 356
 Number of Negative species 0
Sample: 357
 Number of Negative species 0
Sample: 358
 Number of Negative species 0
Sample: 359
 Number of Negative species 0
Sample: 360
 Number of Negative species 0
Sample: 361
 Number of Negative species 0
Sample: 362
 Number of Negative species 0
Sample: 363
 Number of Negative species 0
Sample: 364
 Number of Negative species 0
Sample: 365
 Number of Negative species 0
Sample: 366
 Number of Negative species 0
Sample: 367
 Number of Negative species 0
Sample: 368
 Number of Negative species 0
Sample: 369
 Number of Negative species 0
Sample: 370
 Number of Negative species 0
Sample: 371
 Number of Negative species 0
Sample: 372
 Number of Negative species 0
Sample: 373
 Number of Negative species 0
Sample: 374
 Number of Negative species 0
Sample: 375
 Number of Negative species 0
Sample: 376
 Number of Negative species 0
Sample: 377
 Number of Negative species 0
Sample: 378
 Number of Negative species 0
Sample: 379
 Number of Negative species 0
Sample: 380
 Number of Negative species 0
Sample: 381
 Number of Negative species 0
Sample: 382
 Number of Negative species 0
Sample: 383
 Number of Negative species 0
Sample: 384
 Number of Negative species 0
Sample: 385
 Number of Negative species 0
Sample: 386
 Number of Negative species 0
Sample: 387
 Number of Negative species 0
Sample: 388
 Number of Negative species 0
Sample: 389
 Number of Negative species 0
Sample: 390
 Number of Negative species 0
Sample: 391
 Number of Negative species 0
Sample: 392
 Number of Negative species 0
Sample: 393
 Number of Negative species 0
Sample: 394
 Number of Negative species 0
Sample: 395
 Number of Negative species 0
Sample: 396
 Number of Negative species 0
Sample: 397
 Number of Negative species 0
Sample: 398
 Number of Negative species 0
Sample: 399
 Number of Negative species 0
Sample: 400
 Number of Negative species 0
Sample: 401
 Number of Negative species 0
Sample: 402
 Number of Negative species 0
Sample: 403
 Number of Negative species 0
Sample: 404
 Number of Negative species 0
Sample: 405
 Number of Negative species 0
Sample: 406
 Number of Negative species 0
Sample: 407
 Number of Negative species 0
Sample: 408
 Number of Negative species 0
Sample: 409
 Number of Negative species 0
Sample: 410
 Number of Negative species 0
Sample: 411
 Number of Negative species 0
Sample: 412
 Number of Negative species 0
Sample: 413
 Number of Negative species 0
Sample: 414
 Number of Negative species 0
Sample: 415
 Number of Negative species 0
Sample: 416
 Number of Negative species 0
Sample: 417
 Number of Negative species 0
Sample: 418
 Number of Negative species 0
Sample: 419
 Number of Negative species 0
Sample: 420
 Number of Negative species 0
Sample: 421
 Number of Negative species 0
Sample: 422
 Number of Negative species 0
Sample: 423
 Number of Negative species 0
Sample: 424
 Number of Negative species 0
Sample: 425
 Number of Negative species 0
Sample: 426
 Number of Negative species 0
Sample: 427
 Number of Negative species 0
Sample: 428
 Number of Negative species 0
Sample: 429
 Number of Negative species 0
Sample: 430
 Number of Negative species 0
Sample: 431
 Number of Negative species 0
Sample: 432
 Number of Negative species 0
Sample: 433
 Number of Negative species 0
Sample: 434
 Number of Negative species 0
Sample: 435
 Number of Negative species 0
Sample: 436
 Number of Negative species 0
Sample: 437
 Number of Negative species 0
Sample: 438
 Number of Negative species 0
Sample: 439
 Number of Negative species 0
Sample: 440
 Number of Negative species 0
Sample: 441
 Number of Negative species 0
Sample: 442
 Number of Negative species 0
Sample: 443
 Number of Negative species 0
Sample: 444
 Number of Negative species 0
Sample: 445
 Number of Negative species 0
Sample: 446
 Number of Negative species 0
Sample: 447
 Number of Negative species 0
Sample: 448
 Number of Negative species 0
Sample: 449
 Number of Negative species 0
Sample: 450
 Number of Negative species 0
Sample: 451
 Number of Negative species 0
Sample: 452
 Number of Negative species 0
Sample: 453
 Number of Negative species 0
Sample: 454
 Number of Negative species 0
Sample: 455
 Number of Negative species 0
Sample: 456
 Number of Negative species 0
Sample: 457
 Number of Negative species 0
Sample: 458
 Number of Negative species 0
Sample: 459
 Number of Negative species 0
Sample: 460
 Number of Negative species 0
Sample: 461
 Number of Negative species 0
Sample: 462
 Number of Negative species 0
Sample: 463
 Number of Negative species 0
Sample: 464
 Number of Negative species 0
Sample: 465
 Number of Negative species 0
Sample: 466
 Number of Negative species 0
Sample: 467
 Number of Negative species 0
Sample: 468
 Number of Negative species 0
Sample: 469
 Number of Negative species 0
Sample: 470
 Number of Negative species 0
Sample: 471
 Number of Negative species 0
Sample: 472
 Number of Negative species 0
Sample: 473
 Number of Negative species 0
Sample: 474
 Number of Negative species 0
Sample: 475
 Number of Negative species 0
Sample: 476
 Number of Negative species 0
Sample: 477
 Number of Negative species 0
Sample: 478
 Number of Negative species 0
Sample: 479
 Number of Negative species 0
Sample: 480
 Number of Negative species 0
Sample: 481
 Number of Negative species 0
Sample: 482
 Number of Negative species 0
Sample: 483
 Number of Negative species 0
Sample: 484
 Number of Negative species 0
Sample: 485
 Number of Negative species 0
Sample: 486
 Number of Negative species 0
Sample: 487
 Number of Negative species 0
Sample: 488
 Number of Negative species 0
Sample: 489
 Number of Negative species 0
Sample: 490
 Number of Negative species 0
Sample: 491
 Number of Negative species 0
Sample: 492
 Number of Negative species 0
Sample: 493
 Number of Negative species 0
Sample: 494
 Number of Negative species 0
Sample: 495
 Number of Negative species 0
Sample: 496
 Number of Negative species 0
Sample: 497
 Number of Negative species 0
Sample: 498
 Number of Negative species 0
Sample: 499
 Number of Negative species 0
Sample: 500
 Number of Negative species 0
Sample: 501
 Number of Negative species 0
Sample: 502
 Number of Negative species 0
Sample: 503
 Number of Negative species 0
Sample: 504
 Number of Negative species 0
Sample: 505
 Number of Negative species 0
Sample: 506
 Number of Negative species 0
Sample: 507
 Number of Negative species 0
Sample: 508
 Number of Negative species 0
Sample: 509
 Number of Negative species 0
Sample: 510
 Number of Negative species 0
Sample: 511
 Number of Negative species 0
Sample: 512
 Number of Negative species 0
Sample: 513
 Number of Negative species 0
Sample: 514
 Number of Negative species 0
Sample: 515
 Number of Negative species 0
Sample: 516
 Number of Negative species 0
Sample: 517
 Number of Negative species 0
Sample: 518
 Number of Negative species 0
Sample: 519
 Number of Negative species 0
Sample: 520
 Number of Negative species 0
Sample: 521
 Number of Negative species 0
Sample: 522
 Number of Negative species 0
Sample: 523
 Number of Negative species 0
Sample: 524
 Number of Negative species 0
Sample: 525
 Number of Negative species 0
Sample: 526
 Number of Negative species 0
Sample: 527
 Number of Negative species 0
Sample: 528
 Number of Negative species 0
Sample: 529
 Number of Negative species 0
Sample: 530
 Number of Negative species 0
Sample: 531
 Number of Negative species 0
Sample: 532
 Number of Negative species 0
Sample: 533
 Number of Negative species 0
Sample: 534
 Number of Negative species 0
Sample: 535
 Number of Negative species 0
Sample: 536
 Number of Negative species 0
Sample: 537
 Number of Negative species 0
Sample: 538
 Number of Negative species 0
Sample: 539
 Number of Negative species 0
Sample: 540
 Number of Negative species 0
Sample: 541
 Number of Negative species 0
Sample: 542
 Number of Negative species 0
Sample: 543
 Number of Negative species 0
Sample: 544
 Number of Negative species 0
Sample: 545
 Number of Negative species 0
Sample: 546
 Number of Negative species 0
Sample: 547
 Number of Negative species 0
Sample: 548
 Number of Negative species 0
Sample: 549
 Number of Negative species 0
Sample: 550
 Number of Negative species 0
Sample: 551
 Number of Negative species 0
Sample: 552
 Number of Negative species 0
Sample: 553
 Number of Negative species 0
Sample: 554
 Number of Negative species 0
Sample: 555
 Number of Negative species 0
Sample: 556
 Number of Negative species 0
Sample: 557
 Number of Negative species 0
Sample: 558
 Number of Negative species 0
Sample: 559
 Number of Negative species 0
Sample: 560
 Number of Negative species 0
Sample: 561
 Number of Negative species 0
Sample: 562
 Number of Negative species 0
Sample: 563
 Number of Negative species 0
Sample: 564
 Number of Negative species 0
Sample: 565
 Number of Negative species 0
Sample: 566
 Number of Negative species 0
Sample: 567
 Number of Negative species 0
Sample: 568
 Number of Negative species 0
Sample: 569
 Number of Negative species 0
Sample: 570
 Number of Negative species 0
Sample: 571
 Number of Negative species 0
Sample: 572
 Number of Negative species 0
Sample: 573
 Number of Negative species 0
Sample: 574
 Number of Negative species 0
Sample: 575
 Number of Negative species 0
Sample: 576
 Number of Negative species 0
Sample: 577
 Number of Negative species 0
Sample: 578
 Number of Negative species 0
Sample: 579
 Number of Negative species 0
Sample: 580
 Number of Negative species 0
Sample: 581
 Number of Negative species 0
Sample: 582
 Number of Negative species 0
Sample: 583
 Number of Negative species 0
Sample: 584
 Number of Negative species 0
Sample: 585
 Number of Negative species 0
Sample: 586
 Number of Negative species 0
Sample: 587
 Number of Negative species 0
Sample: 588
 Number of Negative species 0
Sample: 589
 Number of Negative species 0
Sample: 590
 Number of Negative species 0
Sample: 591
 Number of Negative species 0
Sample: 592
 Number of Negative species 0
Sample: 593
 Number of Negative species 0
Sample: 594
 Number of Negative species 0
