python/anaconda (WARNING):
    Loading this module causes the environment generated by other
    modules to become inconsistent, because Anaconda employs its
    own development environment. This in particular concerns the
    compiler (gcc) and MPI settings, but also other tools, which 
    may cease working correctly.
In the directory: /home/hpc/txh01/di49zin/SSM/SSM/Simulations/Dimerization/Stiff/SLeaping/eps_0.05
Running program on  nodes, with 28 cores on node, each with 28 cores.
line 8: (10310 [Error]) The syntax of 'id' attribute values must conform to the syntax of the SBML type 'SId'.

SLeaping...
		Saving data at time t = 0
		Saving data at time t = 0.400006
		Saving data at time t = 0.800008
		Saving data at time t = 1.2
		Saving data at time t = 1.60001
		Saving data at time t = 2.00001
		Saving data at time t = 2.40001
		Saving data at time t = 2.80001
		Saving data at time t = 3.20001
		Saving data at time t = 3.60001
		Saving data at time t = 4.00001
		Saving data at time t = 4.40001
		Saving data at time t = 4.80001
		Saving data at time t = 5.2
		Saving data at time t = 5.60001
		Saving data at time t = 6.00001
		Saving data at time t = 6.40001
		Saving data at time t = 6.80001
		Saving data at time t = 7.20001
		Saving data at time t = 7.60001
		Saving data at time t = 8
		Saving data at time t = 8.4
		Saving data at time t = 8.80001
		Saving data at time t = 9.2
		Saving data at time t = 9.60001
		Saving data at time t = 10
Sample: 0
Sample: 1
Sample: 2
Sample: 3
Sample: 4
Sample: 5
Sample: 6
Sample: 7
Sample: 8
Sample: 9
Sample: 10
Sample: 11
Sample: 12
Sample: 13
Sample: 14
Sample: 15
Sample: 16
Sample: 17
Sample: 18
Sample: 19
Sample: 20
Sample: 21
Sample: 22
Sample: 23
Sample: 24
Sample: 25
Sample: 26
Sample: 27
Sample: 28
Sample: 29
Sample: 30
Sample: 31
Sample: 32
Sample: 33
Sample: 34
Sample: 35
Sample: 36
Sample: 37
Sample: 38
Sample: 39
Sample: 40
Sample: 41
Sample: 42
Sample: 43
Sample: 44
Sample: 45
Sample: 46
Sample: 47
Sample: 48
Sample: 49
Sample: 50
Sample: 51
Sample: 52
Sample: 53
Sample: 54
Sample: 55
Sample: 56
Sample: 57
Sample: 58
Sample: 59
Sample: 60
Sample: 61
Sample: 62
Sample: 63
Sample: 64
Sample: 65
Sample: 66
Sample: 67
Sample: 68
Sample: 69
Sample: 70
Sample: 71
Sample: 72
Sample: 73
Sample: 74
Sample: 75
Sample: 76
Sample: 77
Sample: 78
Sample: 79
Sample: 80
Sample: 81
Sample: 82
Sample: 83
Sample: 84
Sample: 85
Sample: 86
Sample: 87
Sample: 88
Sample: 89
Sample: 90
Sample: 91
Sample: 92
Sample: 93
Sample: 94
Sample: 95
Sample: 96
Sample: 97
Sample: 98
Sample: 99
Sample: 100
Sample: 101
Sample: 102
Sample: 103
Sample: 104
Sample: 105
Sample: 106
Sample: 107
Sample: 108
slurmstepd: *** JOB 488515 ON mpp2r04c05s11 CANCELLED AT 2017-12-16T13:55:28 ***
