python/anaconda (WARNING):
    Loading this module causes the environment generated by other
    modules to become inconsistent, because Anaconda employs its
    own development environment. This in particular concerns the
    compiler (gcc) and MPI settings, but also other tools, which 
    may cease working correctly.
In the directory: /home/hpc/txh01/di49zin/SSM/Simulations/LacZLacY/TauLeaping/eps_0.01
Running program on  nodes, with 28 cores on node, each with 28 cores.
-----------
SBML: Level:2  Version:4

Filename: LacZLacY-TauLeaping-0.01.xml
Error(s): 0

Model name: lacy_lacz2

T start:                 0.0
T final:                 2100.0
Simulation method:       TauLeaping
Number of samples:       1

Store interval:          25
Epsilon:                 0.01
Delta:                   0.05
Theta:                   0.0
Sort interval:           200
Initial noise:           0.0
Noise increment:         0.0
Number of noise levels:  0

-----------
Number of species  : 23
Number of reactions: 22


	Species i: initial amount
			PLac:	1	PLac
			RNAP:	350	RNAP
			PLacRNAP:	0	PLacRNAP
			TrLacZ1:	0	TrLacZ1
			RbsLacZ:	0	RbsLacZ
			TrLacZ2:	0	TrLacZ2
			TrLacY1:	0	TrLacY1
			RbsLacY:	0	RbsLacY
			TrLacY2:	0	TrLacY2
			Ribosome:	35	Ribosome
			RbsribosomeLacZ:	0	RbsribosomeLacZ
			RbsribosomeLacY:	0	RbsribosomeLacY
			TrRbsLacZ:	0	TrRbsLacZ
			TrRbsLacY:	0	TrRbsLacY
			LacZ:	0	LacZ
			LacY:	0	LacY
			dgrLacZ:	0	dgrLacZ
			dgrLacY:	0	dgrLacY
			dgrRbsLacZ:	0	dgrRbsLacZ
			dgrRbsLacY:	0	dgrRbsLacY
			lactose:	0	lactose
			LacZlactose:	0	LacZlactose
			product:	0	product


	Reaction i: 0	with rate: 0.17
		Number of reactants: 2
		Number of products : 1
			1  PLac	+	1  RNAP		->		1  PLacRNAP

	Reaction i: 1	with rate: 10
		Number of reactants: 1
		Number of products : 2
			1  PLacRNAP		->		1  PLac	+	1  RNAP

	Reaction i: 2	with rate: 1
		Number of reactants: 1
		Number of products : 1
			1  PLacRNAP		->		1  TrLacZ1

	Reaction i: 3	with rate: 1
		Number of reactants: 1
		Number of products : 3
			1  TrLacZ1		->		1  RbsLacZ	+	1  PLac	+	1  TrLacZ2

	Reaction i: 4	with rate: 0.015
		Number of reactants: 1
		Number of products : 1
			1  TrLacZ2		->		1  TrLacY1

	Reaction i: 5	with rate: 1
		Number of reactants: 1
		Number of products : 2
			1  TrLacY1		->		1  RbsLacY	+	1  TrLacY2

	Reaction i: 6	with rate: 0.36
		Number of reactants: 1
		Number of products : 1
			1  TrLacY2		->		1  RNAP

	Reaction i: 7	with rate: 0.17
		Number of reactants: 2
		Number of products : 1
			1  Ribosome	+	1  RbsLacZ		->		1  RbsribosomeLacZ

	Reaction i: 8	with rate: 0.45
		Number of reactants: 1
		Number of products : 2
			1  RbsribosomeLacZ		->		1  Ribosome	+	1  RbsLacZ

	Reaction i: 9	with rate: 0.17
		Number of reactants: 2
		Number of products : 1
			1  Ribosome	+	1  RbsLacY		->		1  RbsribosomeLacY

	Reaction i: 10	with rate: 0.45
		Number of reactants: 1
		Number of products : 2
			1  RbsribosomeLacY		->		1  Ribosome	+	1  RbsLacY

	Reaction i: 11	with rate: 0.4
		Number of reactants: 1
		Number of products : 2
			1  RbsribosomeLacZ		->		1  TrRbsLacZ	+	1  RbsLacZ

	Reaction i: 12	with rate: 0.4
		Number of reactants: 1
		Number of products : 2
			1  RbsribosomeLacY		->		1  TrRbsLacY	+	1  RbsLacY

	Reaction i: 13	with rate: 0.015
		Number of reactants: 1
		Number of products : 1
			1  TrRbsLacZ		->		1  LacZ

	Reaction i: 14	with rate: 0.036
		Number of reactants: 1
		Number of products : 1
			1  TrRbsLacY		->		1  LacY

	Reaction i: 15	with rate: 6.42e-05
		Number of reactants: 1
		Number of products : 1
			1  LacZ		->		1  dgrLacZ

	Reaction i: 16	with rate: 6.42e-05
		Number of reactants: 1
		Number of products : 1
			1  LacY		->		1  dgrLacY

	Reaction i: 17	with rate: 0.3
		Number of reactants: 1
		Number of products : 1
			1  RbsLacZ		->		1  dgrRbsLacZ

	Reaction i: 18	with rate: 0.3
		Number of reactants: 1
		Number of products : 1
			1  RbsLacY		->		1  dgrRbsLacY

	Reaction i: 19	with rate: 9.52e-05
		Number of reactants: 2
		Number of products : 1
			1  LacZ	+	1  lactose		->		1  LacZlactose

	Reaction i: 20	with rate: 431
		Number of reactants: 1
		Number of products : 2
			1  LacZlactose		->		1  product	+	1  LacZ

	Reaction i: 21	with rate: 14
		Number of reactants: 1
		Number of products : 2
			1  LacY		->		1  lactose	+	1  LacY

TauLeaping...
	 Saving data at time t = 0
	 Saving data at time t = 84.0314
	 Saving data at time t = 168
	 Saving data at time t = 252
	 Saving data at time t = 336
	 Saving data at time t = 420
	 Saving data at time t = 504
	 Saving data at time t = 588
	 Saving data at time t = 672
	 Saving data at time t = 756
	 Saving data at time t = 840
	 Saving data at time t = 924
	 Saving data at time t = 1008
	 Saving data at time t = 1092
	 Saving data at time t = 1176
	 Saving data at time t = 1260
	 Saving data at time t = 1344
	 Saving data at time t = 1428
	 Saving data at time t = 1512
	 Saving data at time t = 1596
	 Saving data at time t = 1680
	 Saving data at time t = 1764
	 Saving data at time t = 1848
	 Saving data at time t = 1932
	 Saving data at time t = 2016
Sample: 0
	 Saving data at time t = 2100
 Average number of Realizations in Tau-leaping:
4.24582e+07
Negative species appeared in total:2467 times
Running time: 192.755
