python/anaconda (WARNING):
    Loading this module causes the environment generated by other
    modules to become inconsistent, because Anaconda employs its
    own development environment. This in particular concerns the
    compiler (gcc) and MPI settings, but also other tools, which 
    may cease working correctly.
In the directory: /home/hpc/txh01/di49zin/SSM/SSM/Simulations/Dimerization/Stiff/TauLeaping/eps_0.01
Running program on  nodes, with 28 cores on node, each with 28 cores.
line 8: (10310 [Error]) The syntax of 'id' attribute values must conform to the syntax of the SBML type 'SId'.

TauLeaping...
		Saving data at time t = 0
		Saving data at time t = 0.4
		Saving data at time t = 0.800001
		Saving data at time t = 1.2
		Saving data at time t = 1.6
		Saving data at time t = 2
		Saving data at time t = 2.4
		Saving data at time t = 2.8
		Saving data at time t = 3.2
		Saving data at time t = 3.6
		Saving data at time t = 4
		Saving data at time t = 4.4
		Saving data at time t = 4.8
		Saving data at time t = 5.2
		Saving data at time t = 5.6
		Saving data at time t = 6
		Saving data at time t = 6.4
		Saving data at time t = 6.8
		Saving data at time t = 7.2
		Saving data at time t = 7.6
		Saving data at time t = 8
		Saving data at time t = 8.4
		Saving data at time t = 8.8
		Saving data at time t = 9.2
		Saving data at time t = 9.6
		Saving data at time t = 10
Sample: 0
Sample: 1
Sample: 2
Sample: 3
Sample: 4
Sample: 5
Sample: 6
Sample: 7
Sample: 8
Sample: 9
Sample: 10
Sample: 11
Sample: 12
Sample: 13
Sample: 14
Sample: 15
Sample: 16
Sample: 17
Sample: 18
Sample: 19
Sample: 20
Sample: 21
Sample: 22
Sample: 23
Sample: 24
Sample: 25
Sample: 26
Sample: 27
Sample: 28
Sample: 29
Sample: 30
Sample: 31
Sample: 32
Sample: 33
Sample: 34
Sample: 35
Sample: 36
Sample: 37
Sample: 38
Sample: 39
Sample: 40
Sample: 41
Sample: 42
Sample: 43
Sample: 44
Sample: 45
Sample: 46
Sample: 47
Sample: 48
Sample: 49
Sample: 50
Sample: 51
Sample: 52
Sample: 53
Sample: 54
Sample: 55
Sample: 56
Sample: 57
Sample: 58
Sample: 59
Sample: 60
Sample: 61
Sample: 62
Sample: 63
Sample: 64
Sample: 65
Sample: 66
Sample: 67
Sample: 68
Sample: 69
Sample: 70
Sample: 71
Sample: 72
Sample: 73
Sample: 74
Sample: 75
Sample: 76
Sample: 77
Sample: 78
Sample: 79
Sample: 80
Sample: 81
Sample: 82
Sample: 83
Sample: 84
Sample: 85
Sample: 86
Sample: 87
Sample: 88
Sample: 89
Sample: 90
Sample: 91
Sample: 92
Sample: 93
Sample: 94
Sample: 95
Sample: 96
Sample: 97
Sample: 98
Sample: 99
Sample: 100
Sample: 101
Sample: 102
Sample: 103
Sample: 104
Sample: 105
Sample: 106
Sample: 107
Sample: 108
Sample: 109
Sample: 110
Sample: 111
Sample: 112
Sample: 113
Sample: 114
Sample: 115
Sample: 116
Sample: 117
Sample: 118
Sample: 119
Sample: 120
Sample: 121
Sample: 122
Sample: 123
Sample: 124
Sample: 125
Sample: 126
Sample: 127
Sample: 128
Sample: 129
Sample: 130
Sample: 131
Sample: 132
Sample: 133
Sample: 134
Sample: 135
Sample: 136
Sample: 137
Sample: 138
Sample: 139
Sample: 140
Sample: 141
Sample: 142
Sample: 143
Sample: 144
Sample: 145
Sample: 146
Sample: 147
Sample: 148
Sample: 149
Sample: 150
Sample: 151
Sample: 152
Sample: 153
Sample: 154
Sample: 155
Sample: 156
Sample: 157
Sample: 158
Sample: 159
Sample: 160
Sample: 161
Sample: 162
Sample: 163
Sample: 164
Sample: 165
Sample: 166
Sample: 167
Sample: 168
Sample: 169
Sample: 170
Sample: 171
Sample: 172
Sample: 173
Sample: 174
Sample: 175
Sample: 176
Sample: 177
Sample: 178
Sample: 179
Sample: 180
Sample: 181
Sample: 182
Sample: 183
Sample: 184
Sample: 185
Sample: 186
Sample: 187
Sample: 188
Sample: 189
Sample: 190
Sample: 191
Sample: 192
Sample: 193
Sample: 194
Sample: 195
Sample: 196
Sample: 197
Sample: 198
Sample: 199
Sample: 200
Sample: 201
Sample: 202
Sample: 203
Sample: 204
Sample: 205
Sample: 206
Sample: 207
Sample: 208
Sample: 209
Sample: 210
Sample: 211
Sample: 212
Sample: 213
Sample: 214
Sample: 215
Sample: 216
Sample: 217
Sample: 218
Sample: 219
Sample: 220
Sample: 221
Sample: 222
Sample: 223
Sample: 224
Sample: 225
Sample: 226
Sample: 227
Sample: 228
Sample: 229
Sample: 230
Sample: 231
Sample: 232
Sample: 233
Sample: 234
Sample: 235
Sample: 236
Sample: 237
Sample: 238
Sample: 239
Sample: 240
Sample: 241
Sample: 242
Sample: 243
Sample: 244
Sample: 245
Sample: 246
Sample: 247
Sample: 248
Sample: 249
Sample: 250
Sample: 251
Sample: 252
Sample: 253
Sample: 254
Sample: 255
Sample: 256
Sample: 257
Sample: 258
Sample: 259
Sample: 260
Sample: 261
Sample: 262
Sample: 263
Sample: 264
Sample: 265
Sample: 266
Sample: 267
Sample: 268
Sample: 269
Sample: 270
Sample: 271
Sample: 272
Sample: 273
Sample: 274
Sample: 275
Sample: 276
Sample: 277
Sample: 278
Sample: 279
Sample: 280
Sample: 281
Sample: 282
Sample: 283
Sample: 284
Sample: 285
Sample: 286
Sample: 287
Sample: 288
Sample: 289
Sample: 290
Sample: 291
Sample: 292
Sample: 293
Sample: 294
Sample: 295
Sample: 296
Sample: 297
Sample: 298
Sample: 299
Sample: 300
Sample: 301
Sample: 302
Sample: 303
Sample: 304
Sample: 305
Sample: 306
Sample: 307
Sample: 308
Sample: 309
Sample: 310
Sample: 311
Sample: 312
Sample: 313
Sample: 314
Sample: 315
Sample: 316
Sample: 317
Sample: 318
Sample: 319
Sample: 320
Sample: 321
Sample: 322
Sample: 323
Sample: 324
Sample: 325
Sample: 326
Sample: 327
Sample: 328
Sample: 329
Sample: 330
Sample: 331
Sample: 332
Sample: 333
Sample: 334
Sample: 335
Sample: 336
Sample: 337
Sample: 338
Sample: 339
Sample: 340
Sample: 341
Sample: 342
Sample: 343
Sample: 344
Sample: 345
Sample: 346
Sample: 347
Sample: 348
Sample: 349
Sample: 350
Sample: 351
Sample: 352
Sample: 353
Sample: 354
Sample: 355
Sample: 356
Sample: 357
Sample: 358
Sample: 359
Sample: 360
Sample: 361
Sample: 362
Sample: 363
Sample: 364
Sample: 365
Sample: 366
Sample: 367
Sample: 368
Sample: 369
Sample: 370
Sample: 371
Sample: 372
Sample: 373
Sample: 374
Sample: 375
Sample: 376
Sample: 377
Sample: 378
Sample: 379
Sample: 380
Sample: 381
Sample: 382
Sample: 383
Sample: 384
Sample: 385
Sample: 386
Sample: 387
Sample: 388
Sample: 389
Sample: 390
Sample: 391
Sample: 392
Sample: 393
Sample: 394
Sample: 395
Sample: 396
Sample: 397
Sample: 398
Sample: 399
Sample: 400
Sample: 401
Sample: 402
Sample: 403
Sample: 404
Sample: 405
Sample: 406
Sample: 407
Sample: 408
Sample: 409
Sample: 410
Sample: 411
Sample: 412
Sample: 413
Sample: 414
Sample: 415
Sample: 416
Sample: 417
Sample: 418
Sample: 419
Sample: 420
Sample: 421
Sample: 422
Sample: 423
Sample: 424
Sample: 425
Sample: 426
Sample: 427
Sample: 428
Sample: 429
Sample: 430
Sample: 431
Sample: 432
Sample: 433
Sample: 434
Sample: 435
Sample: 436
Sample: 437
Sample: 438
Sample: 439
Sample: 440
Sample: 441
Sample: 442
Sample: 443
Sample: 444
Sample: 445
Sample: 446
Sample: 447
Sample: 448
Sample: 449
Sample: 450
Sample: 451
Sample: 452
Sample: 453
Sample: 454
Sample: 455
Sample: 456
Sample: 457
Sample: 458
Sample: 459
Sample: 460
Sample: 461
Sample: 462
Sample: 463
Sample: 464
Sample: 465
Sample: 466
Sample: 467
Sample: 468
Sample: 469
Sample: 470
Sample: 471
Sample: 472
Sample: 473
Sample: 474
Sample: 475
Sample: 476
Sample: 477
Sample: 478
Sample: 479
Sample: 480
Sample: 481
Sample: 482
Sample: 483
Sample: 484
Sample: 485
Sample: 486
Sample: 487
Sample: 488
Sample: 489
Sample: 490
Sample: 491
Sample: 492
Sample: 493
Sample: 494
Sample: 495
Sample: 496
Sample: 497
Sample: 498
Sample: 499
Sample: 500
Sample: 501
Sample: 502
Sample: 503
Sample: 504
Sample: 505
Sample: 506
Sample: 507
Sample: 508
Sample: 509
Sample: 510
Sample: 511
Sample: 512
Sample: 513
Sample: 514
Sample: 515
Sample: 516
Sample: 517
Sample: 518
Sample: 519
Sample: 520
Sample: 521
Sample: 522
Sample: 523
Sample: 524
Sample: 525
Sample: 526
Sample: 527
Sample: 528
Sample: 529
Sample: 530
Sample: 531
Sample: 532
Sample: 533
Sample: 534
Sample: 535
Sample: 536
Sample: 537
Sample: 538
Sample: 539
Sample: 540
Sample: 541
Sample: 542
Sample: 543
Sample: 544
Sample: 545
Sample: 546
Sample: 547
Sample: 548
Sample: 549
Sample: 550
Sample: 551
Sample: 552
Sample: 553
Sample: 554
Sample: 555
Sample: 556
Sample: 557
Sample: 558
Sample: 559
Sample: 560
Sample: 561
Sample: 562
Sample: 563
Sample: 564
Sample: 565
Sample: 566
Sample: 567
Sample: 568
Sample: 569
Sample: 570
Sample: 571
Sample: 572
Sample: 573
Sample: 574
Sample: 575
Sample: 576
Sample: 577
Sample: 578
Sample: 579
Sample: 580
Sample: 581
Sample: 582
Sample: 583
Sample: 584
Sample: 585
Sample: 586
Sample: 587
Sample: 588
Sample: 589
Sample: 590
Sample: 591
Sample: 592
Sample: 593
Sample: 594
Sample: 595
Sample: 596
Sample: 597
Sample: 598
Sample: 599
Sample: 600
Sample: 601
Sample: 602
Sample: 603
Sample: 604
Sample: 605
Sample: 606
Sample: 607
Sample: 608
Sample: 609
Sample: 610
Sample: 611
Sample: 612
Sample: 613
Sample: 614
Sample: 615
Sample: 616
Sample: 617
Sample: 618
Sample: 619
Sample: 620
Sample: 621
Sample: 622
Sample: 623
Sample: 624
Sample: 625
Sample: 626
Sample: 627
Sample: 628
Sample: 629
Sample: 630
Sample: 631
Sample: 632
Sample: 633
Sample: 634
Sample: 635
Sample: 636
Sample: 637
Sample: 638
Sample: 639
Sample: 640
